{"date":"Sat Jan 31 2026 16:07:21 GMT+0530 (India Standard Time)","error":{"address":"::","code":"EADDRINUSE","errno":-4091,"port":8000,"syscall":"listen"},"exception":true,"level":"error","message":"uncaughtException: listen EADDRINUSE: address already in use :::8000\nError: listen EADDRINUSE: address already in use :::8000\n    at Server.setupListenHandle [as _listen2] (node:net:1937:16)\n    at listenInCluster (node:net:1994:12)\n    at Server.listen (node:net:2099:7)\n    at startServer (C:\\Users\\satis\\Desktop\\final_new\\backend\\src\\server.ts:29:12)\n    at processTicksAndRejections (node:internal/process/task_queues:105:5)","os":{"loadavg":[0,0,0],"uptime":5663.5},"process":{"argv":["C:\\Users\\satis\\Desktop\\final_new\\backend\\node_modules\\ts-node\\dist\\bin.js","C:\\Users\\satis\\Desktop\\final_new\\backend\\src\\server.ts"],"cwd":"C:\\Users\\satis\\Desktop\\final_new\\backend","execPath":"C:\\Program Files\\nodejs\\node.exe","gid":null,"memoryUsage":{"arrayBuffers":20840769,"external":25055748,"heapTotal":494624768,"heapUsed":452045248,"rss":554287104},"pid":23640,"uid":null,"version":"v22.13.1"},"service":"groundwater-backend","stack":"Error: listen EADDRINUSE: address already in use :::8000\n    at Server.setupListenHandle [as _listen2] (node:net:1937:16)\n    at listenInCluster (node:net:1994:12)\n    at Server.listen (node:net:2099:7)\n    at startServer (C:\\Users\\satis\\Desktop\\final_new\\backend\\src\\server.ts:29:12)\n    at processTicksAndRejections (node:internal/process/task_queues:105:5)","timestamp":"2026-01-31 16:07:21","trace":[{"column":16,"file":"node:net","function":"Server.setupListenHandle [as _listen2]","line":1937,"method":"setupListenHandle [as _listen2]","native":false},{"column":12,"file":"node:net","function":"listenInCluster","line":1994,"method":null,"native":false},{"column":7,"file":"node:net","function":"Server.listen","line":2099,"method":"listen","native":false},{"column":12,"file":"C:\\Users\\satis\\Desktop\\final_new\\backend\\src\\server.ts","function":"startServer","line":29,"method":null,"native":false},{"column":5,"file":"node:internal/process/task_queues","function":"processTicksAndRejections","line":105,"method":null,"native":false}]}
{"date":"Sat Jan 31 2026 16:07:38 GMT+0530 (India Standard Time)","error":{"address":"::","code":"EADDRINUSE","errno":-4091,"port":8000,"syscall":"listen"},"exception":true,"level":"error","message":"uncaughtException: listen EADDRINUSE: address already in use :::8000\nError: listen EADDRINUSE: address already in use :::8000\n    at Server.setupListenHandle [as _listen2] (node:net:1937:16)\n    at listenInCluster (node:net:1994:12)\n    at Server.listen (node:net:2099:7)\n    at startServer (C:\\Users\\satis\\Desktop\\final_new\\backend\\src\\server.ts:29:12)\n    at processTicksAndRejections (node:internal/process/task_queues:105:5)","os":{"loadavg":[0,0,0],"uptime":5680.421},"process":{"argv":["C:\\Users\\satis\\Desktop\\final_new\\backend\\node_modules\\ts-node\\dist\\bin.js","C:\\Users\\satis\\Desktop\\final_new\\backend\\src\\server.ts"],"cwd":"C:\\Users\\satis\\Desktop\\final_new\\backend","execPath":"C:\\Program Files\\nodejs\\node.exe","gid":null,"memoryUsage":{"arrayBuffers":23279807,"external":27494786,"heapTotal":519471104,"heapUsed":483315392,"rss":580190208},"pid":1540,"uid":null,"version":"v22.13.1"},"service":"groundwater-backend","stack":"Error: listen EADDRINUSE: address already in use :::8000\n    at Server.setupListenHandle [as _listen2] (node:net:1937:16)\n    at listenInCluster (node:net:1994:12)\n    at Server.listen (node:net:2099:7)\n    at startServer (C:\\Users\\satis\\Desktop\\final_new\\backend\\src\\server.ts:29:12)\n    at processTicksAndRejections (node:internal/process/task_queues:105:5)","timestamp":"2026-01-31 16:07:38","trace":[{"column":16,"file":"node:net","function":"Server.setupListenHandle [as _listen2]","line":1937,"method":"setupListenHandle [as _listen2]","native":false},{"column":12,"file":"node:net","function":"listenInCluster","line":1994,"method":null,"native":false},{"column":7,"file":"node:net","function":"Server.listen","line":2099,"method":"listen","native":false},{"column":12,"file":"C:\\Users\\satis\\Desktop\\final_new\\backend\\src\\server.ts","function":"startServer","line":29,"method":null,"native":false},{"column":5,"file":"node:internal/process/task_queues","function":"processTicksAndRejections","line":105,"method":null,"native":false}]}
{"date":"Sat Jan 31 2026 18:04:03 GMT+0530 (India Standard Time)","error":{"address":"::","code":"EADDRINUSE","errno":-4091,"port":8000,"syscall":"listen"},"exception":true,"level":"error","message":"uncaughtException: listen EADDRINUSE: address already in use :::8000\nError: listen EADDRINUSE: address already in use :::8000\n    at Server.setupListenHandle [as _listen2] (node:net:1937:16)\n    at listenInCluster (node:net:1994:12)\n    at Server.listen (node:net:2099:7)\n    at startServer (C:\\Users\\satis\\Desktop\\final_new\\backend\\src\\server.ts:29:12)\n    at processTicksAndRejections (node:internal/process/task_queues:105:5)","os":{"loadavg":[0,0,0],"uptime":12665.843},"process":{"argv":["C:\\Users\\satis\\Desktop\\final_new\\backend\\node_modules\\ts-node\\dist\\bin.js","C:\\Users\\satis\\Desktop\\final_new\\backend\\src\\server.ts"],"cwd":"C:\\Users\\satis\\Desktop\\final_new\\backend","execPath":"C:\\Program Files\\nodejs\\node.exe","gid":null,"memoryUsage":{"arrayBuffers":23271061,"external":27490303,"heapTotal":527241216,"heapUsed":488208560,"rss":588890112},"pid":3380,"uid":null,"version":"v22.13.1"},"service":"groundwater-backend","stack":"Error: listen EADDRINUSE: address already in use :::8000\n    at Server.setupListenHandle [as _listen2] (node:net:1937:16)\n    at listenInCluster (node:net:1994:12)\n    at Server.listen (node:net:2099:7)\n    at startServer (C:\\Users\\satis\\Desktop\\final_new\\backend\\src\\server.ts:29:12)\n    at processTicksAndRejections (node:internal/process/task_queues:105:5)","timestamp":"2026-01-31 18:04:03","trace":[{"column":16,"file":"node:net","function":"Server.setupListenHandle [as _listen2]","line":1937,"method":"setupListenHandle [as _listen2]","native":false},{"column":12,"file":"node:net","function":"listenInCluster","line":1994,"method":null,"native":false},{"column":7,"file":"node:net","function":"Server.listen","line":2099,"method":"listen","native":false},{"column":12,"file":"C:\\Users\\satis\\Desktop\\final_new\\backend\\src\\server.ts","function":"startServer","line":29,"method":null,"native":false},{"column":5,"file":"node:internal/process/task_queues","function":"processTicksAndRejections","line":105,"method":null,"native":false}]}
{"date":"Sat Jan 31 2026 18:06:14 GMT+0530 (India Standard Time)","error":{"address":"::","code":"EADDRINUSE","errno":-4091,"port":8000,"syscall":"listen"},"exception":true,"level":"error","message":"uncaughtException: listen EADDRINUSE: address already in use :::8000\nError: listen EADDRINUSE: address already in use :::8000\n    at Server.setupListenHandle [as _listen2] (node:net:1937:16)\n    at listenInCluster (node:net:1994:12)\n    at Server.listen (node:net:2099:7)\n    at startServer (C:\\Users\\satis\\Desktop\\final_new\\backend\\src\\server.ts:28:12)\n    at processTicksAndRejections (node:internal/process/task_queues:105:5)","os":{"loadavg":[0,0,0],"uptime":12796.437},"process":{"argv":["C:\\Users\\satis\\Desktop\\final_new\\backend\\node_modules\\ts-node\\dist\\bin.js","C:\\Users\\satis\\Desktop\\final_new\\backend\\src\\server.ts"],"cwd":"C:\\Users\\satis\\Desktop\\final_new\\backend","execPath":"C:\\Program Files\\nodejs\\node.exe","gid":null,"memoryUsage":{"arrayBuffers":23261083,"external":27471799,"heapTotal":519393280,"heapUsed":483428112,"rss":580902912},"pid":4548,"uid":null,"version":"v22.13.1"},"service":"groundwater-backend","stack":"Error: listen EADDRINUSE: address already in use :::8000\n    at Server.setupListenHandle [as _listen2] (node:net:1937:16)\n    at listenInCluster (node:net:1994:12)\n    at Server.listen (node:net:2099:7)\n    at startServer (C:\\Users\\satis\\Desktop\\final_new\\backend\\src\\server.ts:28:12)\n    at processTicksAndRejections (node:internal/process/task_queues:105:5)","timestamp":"2026-01-31 18:06:14","trace":[{"column":16,"file":"node:net","function":"Server.setupListenHandle [as _listen2]","line":1937,"method":"setupListenHandle [as _listen2]","native":false},{"column":12,"file":"node:net","function":"listenInCluster","line":1994,"method":null,"native":false},{"column":7,"file":"node:net","function":"Server.listen","line":2099,"method":"listen","native":false},{"column":12,"file":"C:\\Users\\satis\\Desktop\\final_new\\backend\\src\\server.ts","function":"startServer","line":28,"method":null,"native":false},{"column":5,"file":"node:internal/process/task_queues","function":"processTicksAndRejections","line":105,"method":null,"native":false}]}
{"date":"Sat Jan 31 2026 18:07:34 GMT+0530 (India Standard Time)","error":{"address":"::","code":"EADDRINUSE","errno":-4091,"port":8000,"syscall":"listen"},"exception":true,"level":"error","message":"uncaughtException: listen EADDRINUSE: address already in use :::8000\nError: listen EADDRINUSE: address already in use :::8000\n    at Server.setupListenHandle [as _listen2] (node:net:1937:16)\n    at listenInCluster (node:net:1994:12)\n    at Server.listen (node:net:2099:7)\n    at startServer (C:\\Users\\satis\\Desktop\\final_new\\backend\\src\\server.ts:28:12)\n    at processTicksAndRejections (node:internal/process/task_queues:105:5)","os":{"loadavg":[0,0,0],"uptime":12876.734},"process":{"argv":["C:\\Users\\satis\\Desktop\\final_new\\backend\\node_modules\\ts-node\\dist\\bin.js","C:\\Users\\satis\\Desktop\\final_new\\backend\\src\\server.ts"],"cwd":"C:\\Users\\satis\\Desktop\\final_new\\backend","execPath":"C:\\Program Files\\nodejs\\node.exe","gid":null,"memoryUsage":{"arrayBuffers":23262121,"external":27464311,"heapTotal":520179712,"heapUsed":484272752,"rss":580333568},"pid":28436,"uid":null,"version":"v22.13.1"},"service":"groundwater-backend","stack":"Error: listen EADDRINUSE: address already in use :::8000\n    at Server.setupListenHandle [as _listen2] (node:net:1937:16)\n    at listenInCluster (node:net:1994:12)\n    at Server.listen (node:net:2099:7)\n    at startServer (C:\\Users\\satis\\Desktop\\final_new\\backend\\src\\server.ts:28:12)\n    at processTicksAndRejections (node:internal/process/task_queues:105:5)","timestamp":"2026-01-31 18:07:34","trace":[{"column":16,"file":"node:net","function":"Server.setupListenHandle [as _listen2]","line":1937,"method":"setupListenHandle [as _listen2]","native":false},{"column":12,"file":"node:net","function":"listenInCluster","line":1994,"method":null,"native":false},{"column":7,"file":"node:net","function":"Server.listen","line":2099,"method":"listen","native":false},{"column":12,"file":"C:\\Users\\satis\\Desktop\\final_new\\backend\\src\\server.ts","function":"startServer","line":28,"method":null,"native":false},{"column":5,"file":"node:internal/process/task_queues","function":"processTicksAndRejections","line":105,"method":null,"native":false}]}
{"date":"Tue Feb 10 2026 19:34:45 GMT+0530 (India Standard Time)","error":{},"exception":true,"level":"error","message":"uncaughtException: C:\\Users\\satis\\Desktop\\final_new\\backend\\src\\data\\initial-groundwater-data.json: Unexpected end of JSON input\nSyntaxError: C:\\Users\\satis\\Desktop\\final_new\\backend\\src\\data\\initial-groundwater-data.json: Unexpected end of JSON input\n    at parse (<anonymous>)\n    at Object..json (node:internal/modules/cjs/loader:1711:39)\n    at Module.load (node:internal/modules/cjs/loader:1313:32)\n    at Function._load (node:internal/modules/cjs/loader:1123:12)\n    at TracingChannel.traceSync (node:diagnostics_channel:322:14)\n    at wrapModuleLoad (node:internal/modules/cjs/loader:217:24)\n    at Module.require (node:internal/modules/cjs/loader:1335:12)\n    at require (node:internal/modules/helpers:136:16)\n    at Object.<anonymous> (C:\\Users\\satis\\Desktop\\final_new\\backend\\src\\data\\seed-data.ts:8:1)\n    at Module._compile (node:internal/modules/cjs/loader:1562:14)","os":{"loadavg":[0,0,0],"uptime":436514.375},"process":{"argv":["C:\\Users\\satis\\Desktop\\final_new\\backend\\node_modules\\ts-node\\dist\\bin.js","C:\\Users\\satis\\Desktop\\final_new\\backend\\src\\data\\seed-data.ts"],"cwd":"C:\\Users\\satis\\Desktop\\final_new\\backend","execPath":"C:\\Program Files\\nodejs\\node.exe","gid":null,"memoryUsage":{"arrayBuffers":23150432,"external":26233090,"heapTotal":340090880,"heapUsed":303473040,"rss":391655424},"pid":26304,"uid":null,"version":"v22.13.1"},"service":"groundwater-backend","stack":"SyntaxError: C:\\Users\\satis\\Desktop\\final_new\\backend\\src\\data\\initial-groundwater-data.json: Unexpected end of JSON input\n    at parse (<anonymous>)\n    at Object..json (node:internal/modules/cjs/loader:1711:39)\n    at Module.load (node:internal/modules/cjs/loader:1313:32)\n    at Function._load (node:internal/modules/cjs/loader:1123:12)\n    at TracingChannel.traceSync (node:diagnostics_channel:322:14)\n    at wrapModuleLoad (node:internal/modules/cjs/loader:217:24)\n    at Module.require (node:internal/modules/cjs/loader:1335:12)\n    at require (node:internal/modules/helpers:136:16)\n    at Object.<anonymous> (C:\\Users\\satis\\Desktop\\final_new\\backend\\src\\data\\seed-data.ts:8:1)\n    at Module._compile (node:internal/modules/cjs/loader:1562:14)","timestamp":"2026-02-10 19:34:45","trace":[{"column":null,"file":null,"function":"parse","line":null,"method":null,"native":false},{"column":39,"file":"node:internal/modules/cjs/loader","function":"Object..json","line":1711,"method":".json","native":false},{"column":32,"file":"node:internal/modules/cjs/loader","function":"Module.load","line":1313,"method":"load","native":false},{"column":12,"file":"node:internal/modules/cjs/loader","function":"Function._load","line":1123,"method":"_load","native":false},{"column":14,"file":"node:diagnostics_channel","function":"TracingChannel.traceSync","line":322,"method":"traceSync","native":false},{"column":24,"file":"node:internal/modules/cjs/loader","function":"wrapModuleLoad","line":217,"method":null,"native":false},{"column":12,"file":"node:internal/modules/cjs/loader","function":"Module.require","line":1335,"method":"require","native":false},{"column":16,"file":"node:internal/modules/helpers","function":"require","line":136,"method":null,"native":false},{"column":1,"file":"C:\\Users\\satis\\Desktop\\final_new\\backend\\src\\data\\seed-data.ts","function":null,"line":8,"method":null,"native":false},{"column":14,"file":"node:internal/modules/cjs/loader","function":"Module._compile","line":1562,"method":"_compile","native":false}]}
{"date":"Tue Feb 10 2026 19:49:32 GMT+0530 (India Standard Time)","error":{"diagnosticCodes":[2322,2322]},"exception":true,"level":"error","message":"uncaughtException: ⨯ Unable to compile TypeScript:\n\u001b[96msrc/routes/groundwater.ts\u001b[0m:\u001b[93m60\u001b[0m:\u001b[93m9\u001b[0m - \u001b[91merror\u001b[0m\u001b[90m TS2322: \u001b[0mType '{ date: Date; waterLevelMbgl: number; location: { state: string; district: string; village: string; }; trend: \"Stable\"; source: string; }' is not assignable to type 'IGroundwater & Required<{ _id: ObjectId; }> & { __v: number; }'.\r\n  Type '{ date: Date; waterLevelMbgl: number; location: { state: string; district: string; village: string; }; trend: \"Stable\"; source: string; }' is missing the following properties from type 'IGroundwater': createdAt, updatedAt, _id, $assertPopulated, and 53 more.\r\n\r\n\u001b[7m 60\u001b[0m         {\r\n\u001b[7m   \u001b[0m \u001b[91m        ~\u001b[0m\r\n\u001b[7m 61\u001b[0m           date: new Date(),\r\n\u001b[7m   \u001b[0m \u001b[91m~~~~~~~~~~~~~~~~~~~~~~~~~~~\u001b[0m\r\n\u001b[7m...\u001b[0m \r\n\u001b[7m 65\u001b[0m           source: 'Test'\r\n\u001b[7m   \u001b[0m \u001b[91m~~~~~~~~~~~~~~~~~~~~~~~~\u001b[0m\r\n\u001b[7m 66\u001b[0m         },\r\n\u001b[7m   \u001b[0m \u001b[91m~~~~~~~~~\u001b[0m\r\n\u001b[96msrc/routes/groundwater.ts\u001b[0m:\u001b[93m67\u001b[0m:\u001b[93m9\u001b[0m - \u001b[91merror\u001b[0m\u001b[90m TS2322: \u001b[0mType '{ date: Date; waterLevelMbgl: number; location: { state: string; district: string; village: string; }; trend: \"Falling\"; source: string; }' is not assignable to type 'IGroundwater & Required<{ _id: ObjectId; }> & { __v: number; }'.\r\n  Type '{ date: Date; waterLevelMbgl: number; location: { state: string; district: string; village: string; }; trend: \"Falling\"; source: string; }' is missing the following properties from type 'IGroundwater': createdAt, updatedAt, _id, $assertPopulated, and 53 more.\r\n\r\n\u001b[7m 67\u001b[0m         {\r\n\u001b[7m   \u001b[0m \u001b[91m        ~\u001b[0m\r\n\u001b[7m 68\u001b[0m           date: new Date(Date.now() - 86400000 * 30), // 1 month ago\r\n\u001b[7m   \u001b[0m \u001b[91m~~~~~~~~~~~~~~~~~~~~~~~~~~~~~~~~~~~~~~~~~~~~~~~~~~~~~~~~~~~~~~~~~~~~\u001b[0m\r\n\u001b[7m...\u001b[0m \r\n\u001b[7m 72\u001b[0m           source: 'Test'\r\n\u001b[7m   \u001b[0m \u001b[91m~~~~~~~~~~~~~~~~~~~~~~~~\u001b[0m\r\n\u001b[7m 73\u001b[0m         }\r\n\u001b[7m   \u001b[0m \u001b[91m~~~~~~~~~\u001b[0m\r\n\nTSError: ⨯ Unable to compile TypeScript:\n\u001b[96msrc/routes/groundwater.ts\u001b[0m:\u001b[93m60\u001b[0m:\u001b[93m9\u001b[0m - \u001b[91merror\u001b[0m\u001b[90m TS2322: \u001b[0mType '{ date: Date; waterLevelMbgl: number; location: { state: string; district: string; village: string; }; trend: \"Stable\"; source: string; }' is not assignable to type 'IGroundwater & Required<{ _id: ObjectId; }> & { __v: number; }'.\r\n  Type '{ date: Date; waterLevelMbgl: number; location: { state: string; district: string; village: string; }; trend: \"Stable\"; source: string; }' is missing the following properties from type 'IGroundwater': createdAt, updatedAt, _id, $assertPopulated, and 53 more.\r\n\r\n\u001b[7m 60\u001b[0m         {\r\n\u001b[7m   \u001b[0m \u001b[91m        ~\u001b[0m\r\n\u001b[7m 61\u001b[0m           date: new Date(),\r\n\u001b[7m   \u001b[0m \u001b[91m~~~~~~~~~~~~~~~~~~~~~~~~~~~\u001b[0m\r\n\u001b[7m...\u001b[0m \r\n\u001b[7m 65\u001b[0m           source: 'Test'\r\n\u001b[7m   \u001b[0m \u001b[91m~~~~~~~~~~~~~~~~~~~~~~~~\u001b[0m\r\n\u001b[7m 66\u001b[0m         },\r\n\u001b[7m   \u001b[0m \u001b[91m~~~~~~~~~\u001b[0m\r\n\u001b[96msrc/routes/groundwater.ts\u001b[0m:\u001b[93m67\u001b[0m:\u001b[93m9\u001b[0m - \u001b[91merror\u001b[0m\u001b[90m TS2322: \u001b[0mType '{ date: Date; waterLevelMbgl: number; location: { state: string; district: string; village: string; }; trend: \"Falling\"; source: string; }' is not assignable to type 'IGroundwater & Required<{ _id: ObjectId; }> & { __v: number; }'.\r\n  Type '{ date: Date; waterLevelMbgl: number; location: { state: string; district: string; village: string; }; trend: \"Falling\"; source: string; }' is missing the following properties from type 'IGroundwater': createdAt, updatedAt, _id, $assertPopulated, and 53 more.\r\n\r\n\u001b[7m 67\u001b[0m         {\r\n\u001b[7m   \u001b[0m \u001b[91m        ~\u001b[0m\r\n\u001b[7m 68\u001b[0m           date: new Date(Date.now() - 86400000 * 30), // 1 month ago\r\n\u001b[7m   \u001b[0m \u001b[91m~~~~~~~~~~~~~~~~~~~~~~~~~~~~~~~~~~~~~~~~~~~~~~~~~~~~~~~~~~~~~~~~~~~~\u001b[0m\r\n\u001b[7m...\u001b[0m \r\n\u001b[7m 72\u001b[0m           source: 'Test'\r\n\u001b[7m   \u001b[0m \u001b[91m~~~~~~~~~~~~~~~~~~~~~~~~\u001b[0m\r\n\u001b[7m 73\u001b[0m         }\r\n\u001b[7m   \u001b[0m \u001b[91m~~~~~~~~~\u001b[0m\r\n\n    at createTSError (C:\\Users\\satis\\Desktop\\final_new\\backend\\node_modules\\ts-node\\src\\index.ts:859:12)\n    at reportTSError (C:\\Users\\satis\\Desktop\\final_new\\backend\\node_modules\\ts-node\\src\\index.ts:863:19)\n    at getOutput (C:\\Users\\satis\\Desktop\\final_new\\backend\\node_modules\\ts-node\\src\\index.ts:1077:36)\n    at Object.compile (C:\\Users\\satis\\Desktop\\final_new\\backend\\node_modules\\ts-node\\src\\index.ts:1433:41)\n    at Module.m._compile (C:\\Users\\satis\\Desktop\\final_new\\backend\\node_modules\\ts-node\\src\\index.ts:1617:30)\n    at node:internal/modules/cjs/loader:1699:10\n    at Object.require.extensions.<computed> [as .ts] (C:\\Users\\satis\\Desktop\\final_new\\backend\\node_modules\\ts-node\\src\\index.ts:1621:12)\n    at Module.load (node:internal/modules/cjs/loader:1313:32)\n    at Function._load (node:internal/modules/cjs/loader:1123:12)\n    at TracingChannel.traceSync (node:diagnostics_channel:322:14)","os":{"loadavg":[0,0,0],"uptime":437402.015},"process":{"argv":["C:\\Users\\satis\\Desktop\\final_new\\backend\\node_modules\\ts-node\\dist\\bin.js","C:\\Users\\satis\\Desktop\\final_new\\backend\\src\\server.ts"],"cwd":"C:\\Users\\satis\\Desktop\\final_new\\backend","execPath":"C:\\Program Files\\nodejs\\node.exe","gid":null,"memoryUsage":{"arrayBuffers":4886367,"external":7764535,"heapTotal":331010048,"heapUsed":297444952,"rss":381259776},"pid":14740,"uid":null,"version":"v22.13.1"},"service":"groundwater-backend","stack":"TSError: ⨯ Unable to compile TypeScript:\n\u001b[96msrc/routes/groundwater.ts\u001b[0m:\u001b[93m60\u001b[0m:\u001b[93m9\u001b[0m - \u001b[91merror\u001b[0m\u001b[90m TS2322: \u001b[0mType '{ date: Date; waterLevelMbgl: number; location: { state: string; district: string; village: string; }; trend: \"Stable\"; source: string; }' is not assignable to type 'IGroundwater & Required<{ _id: ObjectId; }> & { __v: number; }'.\r\n  Type '{ date: Date; waterLevelMbgl: number; location: { state: string; district: string; village: string; }; trend: \"Stable\"; source: string; }' is missing the following properties from type 'IGroundwater': createdAt, updatedAt, _id, $assertPopulated, and 53 more.\r\n\r\n\u001b[7m 60\u001b[0m         {\r\n\u001b[7m   \u001b[0m \u001b[91m        ~\u001b[0m\r\n\u001b[7m 61\u001b[0m           date: new Date(),\r\n\u001b[7m   \u001b[0m \u001b[91m~~~~~~~~~~~~~~~~~~~~~~~~~~~\u001b[0m\r\n\u001b[7m...\u001b[0m \r\n\u001b[7m 65\u001b[0m           source: 'Test'\r\n\u001b[7m   \u001b[0m \u001b[91m~~~~~~~~~~~~~~~~~~~~~~~~\u001b[0m\r\n\u001b[7m 66\u001b[0m         },\r\n\u001b[7m   \u001b[0m \u001b[91m~~~~~~~~~\u001b[0m\r\n\u001b[96msrc/routes/groundwater.ts\u001b[0m:\u001b[93m67\u001b[0m:\u001b[93m9\u001b[0m - \u001b[91merror\u001b[0m\u001b[90m TS2322: \u001b[0mType '{ date: Date; waterLevelMbgl: number; location: { state: string; district: string; village: string; }; trend: \"Falling\"; source: string; }' is not assignable to type 'IGroundwater & Required<{ _id: ObjectId; }> & { __v: number; }'.\r\n  Type '{ date: Date; waterLevelMbgl: number; location: { state: string; district: string; village: string; }; trend: \"Falling\"; source: string; }' is missing the following properties from type 'IGroundwater': createdAt, updatedAt, _id, $assertPopulated, and 53 more.\r\n\r\n\u001b[7m 67\u001b[0m         {\r\n\u001b[7m   \u001b[0m \u001b[91m        ~\u001b[0m\r\n\u001b[7m 68\u001b[0m           date: new Date(Date.now() - 86400000 * 30), // 1 month ago\r\n\u001b[7m   \u001b[0m \u001b[91m~~~~~~~~~~~~~~~~~~~~~~~~~~~~~~~~~~~~~~~~~~~~~~~~~~~~~~~~~~~~~~~~~~~~\u001b[0m\r\n\u001b[7m...\u001b[0m \r\n\u001b[7m 72\u001b[0m           source: 'Test'\r\n\u001b[7m   \u001b[0m \u001b[91m~~~~~~~~~~~~~~~~~~~~~~~~\u001b[0m\r\n\u001b[7m 73\u001b[0m         }\r\n\u001b[7m   \u001b[0m \u001b[91m~~~~~~~~~\u001b[0m\r\n\n    at createTSError (C:\\Users\\satis\\Desktop\\final_new\\backend\\node_modules\\ts-node\\src\\index.ts:859:12)\n    at reportTSError (C:\\Users\\satis\\Desktop\\final_new\\backend\\node_modules\\ts-node\\src\\index.ts:863:19)\n    at getOutput (C:\\Users\\satis\\Desktop\\final_new\\backend\\node_modules\\ts-node\\src\\index.ts:1077:36)\n    at Object.compile (C:\\Users\\satis\\Desktop\\final_new\\backend\\node_modules\\ts-node\\src\\index.ts:1433:41)\n    at Module.m._compile (C:\\Users\\satis\\Desktop\\final_new\\backend\\node_modules\\ts-node\\src\\index.ts:1617:30)\n    at node:internal/modules/cjs/loader:1699:10\n    at Object.require.extensions.<computed> [as .ts] (C:\\Users\\satis\\Desktop\\final_new\\backend\\node_modules\\ts-node\\src\\index.ts:1621:12)\n    at Module.load (node:internal/modules/cjs/loader:1313:32)\n    at Function._load (node:internal/modules/cjs/loader:1123:12)\n    at TracingChannel.traceSync (node:diagnostics_channel:322:14)","timestamp":"2026-02-10 19:49:32","trace":[{"column":12,"file":"C:\\Users\\satis\\Desktop\\final_new\\backend\\node_modules\\ts-node\\src\\index.ts","function":"createTSError","line":859,"method":null,"native":false},{"column":19,"file":"C:\\Users\\satis\\Desktop\\final_new\\backend\\node_modules\\ts-node\\src\\index.ts","function":"reportTSError","line":863,"method":null,"native":false},{"column":36,"file":"C:\\Users\\satis\\Desktop\\final_new\\backend\\node_modules\\ts-node\\src\\index.ts","function":"getOutput","line":1077,"method":null,"native":false},{"column":41,"file":"C:\\Users\\satis\\Desktop\\final_new\\backend\\node_modules\\ts-node\\src\\index.ts","function":"Object.compile","line":1433,"method":"compile","native":false},{"column":30,"file":"C:\\Users\\satis\\Desktop\\final_new\\backend\\node_modules\\ts-node\\src\\index.ts","function":"Module.m._compile","line":1617,"method":"_compile","native":false},{"column":10,"file":"node:internal/modules/cjs/loader","function":null,"line":1699,"method":null,"native":false},{"column":12,"file":"C:\\Users\\satis\\Desktop\\final_new\\backend\\node_modules\\ts-node\\src\\index.ts","function":"Object.require.extensions.<computed> [as .ts]","line":1621,"method":"ts]","native":false},{"column":32,"file":"node:internal/modules/cjs/loader","function":"Module.load","line":1313,"method":"load","native":false},{"column":12,"file":"node:internal/modules/cjs/loader","function":"Function._load","line":1123,"method":"_load","native":false},{"column":14,"file":"node:diagnostics_channel","function":"TracingChannel.traceSync","line":322,"method":"traceSync","native":false}]}
{"date":"Tue Feb 10 2026 19:49:53 GMT+0530 (India Standard Time)","error":{"diagnosticCodes":[1232,2322,2322]},"exception":true,"level":"error","message":"uncaughtException: ⨯ Unable to compile TypeScript:\n\u001b[96msrc/routes/groundwater.ts\u001b[0m:\u001b[93m59\u001b[0m:\u001b[93m7\u001b[0m - \u001b[91merror\u001b[0m\u001b[90m TS1232: \u001b[0mAn import declaration can only be used at the top level of a namespace or module.\r\n\r\n\u001b[7m59\u001b[0m       import { Types } from 'mongoose';\r\n\u001b[7m  \u001b[0m \u001b[91m      ~~~~~~\u001b[0m\r\n\u001b[96msrc/routes/groundwater.ts\u001b[0m:\u001b[93m62\u001b[0m:\u001b[93m9\u001b[0m - \u001b[91merror\u001b[0m\u001b[90m TS2322: \u001b[0mType '{ _id: Types.ObjectId; date: Date; waterLevelMbgl: number; location: { state: string; district: string; village: string; }; trend: \"Stable\"; source: string; createdAt: Date; updatedAt: Date; __v: number; }' is not assignable to type 'IGroundwater & Required<{ _id: ObjectId; }> & { __v: number; }'.\r\n  Type '{ _id: ObjectId; date: Date; waterLevelMbgl: number; location: { state: string; district: string; village: string; }; trend: \"Stable\"; source: string; createdAt: Date; updatedAt: Date; __v: number; }' is missing the following properties from type 'IGroundwater': $assertPopulated, $clearModifiedPaths, $clone, $createModifiedPathsSnapshot, and 50 more.\r\n\r\n\u001b[7m 62\u001b[0m         {\r\n\u001b[7m   \u001b[0m \u001b[91m        ~\u001b[0m\r\n\u001b[7m 63\u001b[0m           _id: new Types.ObjectId(),\r\n\u001b[7m   \u001b[0m \u001b[91m~~~~~~~~~~~~~~~~~~~~~~~~~~~~~~~~~~~~\u001b[0m\r\n\u001b[7m...\u001b[0m \r\n\u001b[7m 71\u001b[0m           __v: 0\r\n\u001b[7m   \u001b[0m \u001b[91m~~~~~~~~~~~~~~~~\u001b[0m\r\n\u001b[7m 72\u001b[0m         },\r\n\u001b[7m   \u001b[0m \u001b[91m~~~~~~~~~\u001b[0m\r\n\u001b[96msrc/routes/groundwater.ts\u001b[0m:\u001b[93m73\u001b[0m:\u001b[93m9\u001b[0m - \u001b[91merror\u001b[0m\u001b[90m TS2322: \u001b[0mType '{ _id: Types.ObjectId; date: Date; waterLevelMbgl: number; location: { state: string; district: string; village: string; }; trend: \"Falling\"; source: string; createdAt: Date; updatedAt: Date; __v: number; }' is not assignable to type 'IGroundwater & Required<{ _id: ObjectId; }> & { __v: number; }'.\r\n  Type '{ _id: ObjectId; date: Date; waterLevelMbgl: number; location: { state: string; district: string; village: string; }; trend: \"Falling\"; source: string; createdAt: Date; updatedAt: Date; __v: number; }' is missing the following properties from type 'IGroundwater': $assertPopulated, $clearModifiedPaths, $clone, $createModifiedPathsSnapshot, and 50 more.\r\n\r\n\u001b[7m 73\u001b[0m         {\r\n\u001b[7m   \u001b[0m \u001b[91m        ~\u001b[0m\r\n\u001b[7m 74\u001b[0m           _id: new Types.ObjectId(),\r\n\u001b[7m   \u001b[0m \u001b[91m~~~~~~~~~~~~~~~~~~~~~~~~~~~~~~~~~~~~\u001b[0m\r\n\u001b[7m...\u001b[0m \r\n\u001b[7m 82\u001b[0m           __v: 0\r\n\u001b[7m   \u001b[0m \u001b[91m~~~~~~~~~~~~~~~~\u001b[0m\r\n\u001b[7m 83\u001b[0m         }\r\n\u001b[7m   \u001b[0m \u001b[91m~~~~~~~~~\u001b[0m\r\n\nTSError: ⨯ Unable to compile TypeScript:\n\u001b[96msrc/routes/groundwater.ts\u001b[0m:\u001b[93m59\u001b[0m:\u001b[93m7\u001b[0m - \u001b[91merror\u001b[0m\u001b[90m TS1232: \u001b[0mAn import declaration can only be used at the top level of a namespace or module.\r\n\r\n\u001b[7m59\u001b[0m       import { Types } from 'mongoose';\r\n\u001b[7m  \u001b[0m \u001b[91m      ~~~~~~\u001b[0m\r\n\u001b[96msrc/routes/groundwater.ts\u001b[0m:\u001b[93m62\u001b[0m:\u001b[93m9\u001b[0m - \u001b[91merror\u001b[0m\u001b[90m TS2322: \u001b[0mType '{ _id: Types.ObjectId; date: Date; waterLevelMbgl: number; location: { state: string; district: string; village: string; }; trend: \"Stable\"; source: string; createdAt: Date; updatedAt: Date; __v: number; }' is not assignable to type 'IGroundwater & Required<{ _id: ObjectId; }> & { __v: number; }'.\r\n  Type '{ _id: ObjectId; date: Date; waterLevelMbgl: number; location: { state: string; district: string; village: string; }; trend: \"Stable\"; source: string; createdAt: Date; updatedAt: Date; __v: number; }' is missing the following properties from type 'IGroundwater': $assertPopulated, $clearModifiedPaths, $clone, $createModifiedPathsSnapshot, and 50 more.\r\n\r\n\u001b[7m 62\u001b[0m         {\r\n\u001b[7m   \u001b[0m \u001b[91m        ~\u001b[0m\r\n\u001b[7m 63\u001b[0m           _id: new Types.ObjectId(),\r\n\u001b[7m   \u001b[0m \u001b[91m~~~~~~~~~~~~~~~~~~~~~~~~~~~~~~~~~~~~\u001b[0m\r\n\u001b[7m...\u001b[0m \r\n\u001b[7m 71\u001b[0m           __v: 0\r\n\u001b[7m   \u001b[0m \u001b[91m~~~~~~~~~~~~~~~~\u001b[0m\r\n\u001b[7m 72\u001b[0m         },\r\n\u001b[7m   \u001b[0m \u001b[91m~~~~~~~~~\u001b[0m\r\n\u001b[96msrc/routes/groundwater.ts\u001b[0m:\u001b[93m73\u001b[0m:\u001b[93m9\u001b[0m - \u001b[91merror\u001b[0m\u001b[90m TS2322: \u001b[0mType '{ _id: Types.ObjectId; date: Date; waterLevelMbgl: number; location: { state: string; district: string; village: string; }; trend: \"Falling\"; source: string; createdAt: Date; updatedAt: Date; __v: number; }' is not assignable to type 'IGroundwater & Required<{ _id: ObjectId; }> & { __v: number; }'.\r\n  Type '{ _id: ObjectId; date: Date; waterLevelMbgl: number; location: { state: string; district: string; village: string; }; trend: \"Falling\"; source: string; createdAt: Date; updatedAt: Date; __v: number; }' is missing the following properties from type 'IGroundwater': $assertPopulated, $clearModifiedPaths, $clone, $createModifiedPathsSnapshot, and 50 more.\r\n\r\n\u001b[7m 73\u001b[0m         {\r\n\u001b[7m   \u001b[0m \u001b[91m        ~\u001b[0m\r\n\u001b[7m 74\u001b[0m           _id: new Types.ObjectId(),\r\n\u001b[7m   \u001b[0m \u001b[91m~~~~~~~~~~~~~~~~~~~~~~~~~~~~~~~~~~~~\u001b[0m\r\n\u001b[7m...\u001b[0m \r\n\u001b[7m 82\u001b[0m           __v: 0\r\n\u001b[7m   \u001b[0m \u001b[91m~~~~~~~~~~~~~~~~\u001b[0m\r\n\u001b[7m 83\u001b[0m         }\r\n\u001b[7m   \u001b[0m \u001b[91m~~~~~~~~~\u001b[0m\r\n\n    at createTSError (C:\\Users\\satis\\Desktop\\final_new\\backend\\node_modules\\ts-node\\src\\index.ts:859:12)\n    at reportTSError (C:\\Users\\satis\\Desktop\\final_new\\backend\\node_modules\\ts-node\\src\\index.ts:863:19)\n    at getOutput (C:\\Users\\satis\\Desktop\\final_new\\backend\\node_modules\\ts-node\\src\\index.ts:1077:36)\n    at Object.compile (C:\\Users\\satis\\Desktop\\final_new\\backend\\node_modules\\ts-node\\src\\index.ts:1433:41)\n    at Module.m._compile (C:\\Users\\satis\\Desktop\\final_new\\backend\\node_modules\\ts-node\\src\\index.ts:1617:30)\n    at node:internal/modules/cjs/loader:1699:10\n    at Object.require.extensions.<computed> [as .ts] (C:\\Users\\satis\\Desktop\\final_new\\backend\\node_modules\\ts-node\\src\\index.ts:1621:12)\n    at Module.load (node:internal/modules/cjs/loader:1313:32)\n    at Function._load (node:internal/modules/cjs/loader:1123:12)\n    at TracingChannel.traceSync (node:diagnostics_channel:322:14)","os":{"loadavg":[0,0,0],"uptime":437423.046},"process":{"argv":["C:\\Users\\satis\\Desktop\\final_new\\backend\\node_modules\\ts-node\\dist\\bin.js","C:\\Users\\satis\\Desktop\\final_new\\backend\\src\\server.ts"],"cwd":"C:\\Users\\satis\\Desktop\\final_new\\backend","execPath":"C:\\Program Files\\nodejs\\node.exe","gid":null,"memoryUsage":{"arrayBuffers":4886439,"external":7764607,"heapTotal":334225408,"heapUsed":297931264,"rss":379076608},"pid":28760,"uid":null,"version":"v22.13.1"},"service":"groundwater-backend","stack":"TSError: ⨯ Unable to compile TypeScript:\n\u001b[96msrc/routes/groundwater.ts\u001b[0m:\u001b[93m59\u001b[0m:\u001b[93m7\u001b[0m - \u001b[91merror\u001b[0m\u001b[90m TS1232: \u001b[0mAn import declaration can only be used at the top level of a namespace or module.\r\n\r\n\u001b[7m59\u001b[0m       import { Types } from 'mongoose';\r\n\u001b[7m  \u001b[0m \u001b[91m      ~~~~~~\u001b[0m\r\n\u001b[96msrc/routes/groundwater.ts\u001b[0m:\u001b[93m62\u001b[0m:\u001b[93m9\u001b[0m - \u001b[91merror\u001b[0m\u001b[90m TS2322: \u001b[0mType '{ _id: Types.ObjectId; date: Date; waterLevelMbgl: number; location: { state: string; district: string; village: string; }; trend: \"Stable\"; source: string; createdAt: Date; updatedAt: Date; __v: number; }' is not assignable to type 'IGroundwater & Required<{ _id: ObjectId; }> & { __v: number; }'.\r\n  Type '{ _id: ObjectId; date: Date; waterLevelMbgl: number; location: { state: string; district: string; village: string; }; trend: \"Stable\"; source: string; createdAt: Date; updatedAt: Date; __v: number; }' is missing the following properties from type 'IGroundwater': $assertPopulated, $clearModifiedPaths, $clone, $createModifiedPathsSnapshot, and 50 more.\r\n\r\n\u001b[7m 62\u001b[0m         {\r\n\u001b[7m   \u001b[0m \u001b[91m        ~\u001b[0m\r\n\u001b[7m 63\u001b[0m           _id: new Types.ObjectId(),\r\n\u001b[7m   \u001b[0m \u001b[91m~~~~~~~~~~~~~~~~~~~~~~~~~~~~~~~~~~~~\u001b[0m\r\n\u001b[7m...\u001b[0m \r\n\u001b[7m 71\u001b[0m           __v: 0\r\n\u001b[7m   \u001b[0m \u001b[91m~~~~~~~~~~~~~~~~\u001b[0m\r\n\u001b[7m 72\u001b[0m         },\r\n\u001b[7m   \u001b[0m \u001b[91m~~~~~~~~~\u001b[0m\r\n\u001b[96msrc/routes/groundwater.ts\u001b[0m:\u001b[93m73\u001b[0m:\u001b[93m9\u001b[0m - \u001b[91merror\u001b[0m\u001b[90m TS2322: \u001b[0mType '{ _id: Types.ObjectId; date: Date; waterLevelMbgl: number; location: { state: string; district: string; village: string; }; trend: \"Falling\"; source: string; createdAt: Date; updatedAt: Date; __v: number; }' is not assignable to type 'IGroundwater & Required<{ _id: ObjectId; }> & { __v: number; }'.\r\n  Type '{ _id: ObjectId; date: Date; waterLevelMbgl: number; location: { state: string; district: string; village: string; }; trend: \"Falling\"; source: string; createdAt: Date; updatedAt: Date; __v: number; }' is missing the following properties from type 'IGroundwater': $assertPopulated, $clearModifiedPaths, $clone, $createModifiedPathsSnapshot, and 50 more.\r\n\r\n\u001b[7m 73\u001b[0m         {\r\n\u001b[7m   \u001b[0m \u001b[91m        ~\u001b[0m\r\n\u001b[7m 74\u001b[0m           _id: new Types.ObjectId(),\r\n\u001b[7m   \u001b[0m \u001b[91m~~~~~~~~~~~~~~~~~~~~~~~~~~~~~~~~~~~~\u001b[0m\r\n\u001b[7m...\u001b[0m \r\n\u001b[7m 82\u001b[0m           __v: 0\r\n\u001b[7m   \u001b[0m \u001b[91m~~~~~~~~~~~~~~~~\u001b[0m\r\n\u001b[7m 83\u001b[0m         }\r\n\u001b[7m   \u001b[0m \u001b[91m~~~~~~~~~\u001b[0m\r\n\n    at createTSError (C:\\Users\\satis\\Desktop\\final_new\\backend\\node_modules\\ts-node\\src\\index.ts:859:12)\n    at reportTSError (C:\\Users\\satis\\Desktop\\final_new\\backend\\node_modules\\ts-node\\src\\index.ts:863:19)\n    at getOutput (C:\\Users\\satis\\Desktop\\final_new\\backend\\node_modules\\ts-node\\src\\index.ts:1077:36)\n    at Object.compile (C:\\Users\\satis\\Desktop\\final_new\\backend\\node_modules\\ts-node\\src\\index.ts:1433:41)\n    at Module.m._compile (C:\\Users\\satis\\Desktop\\final_new\\backend\\node_modules\\ts-node\\src\\index.ts:1617:30)\n    at node:internal/modules/cjs/loader:1699:10\n    at Object.require.extensions.<computed> [as .ts] (C:\\Users\\satis\\Desktop\\final_new\\backend\\node_modules\\ts-node\\src\\index.ts:1621:12)\n    at Module.load (node:internal/modules/cjs/loader:1313:32)\n    at Function._load (node:internal/modules/cjs/loader:1123:12)\n    at TracingChannel.traceSync (node:diagnostics_channel:322:14)","timestamp":"2026-02-10 19:49:53","trace":[{"column":null,"file":null,"function":null,"line":null,"method":null,"native":false},{"column":12,"file":"C:\\Users\\satis\\Desktop\\final_new\\backend\\node_modules\\ts-node\\src\\index.ts","function":"createTSError","line":859,"method":null,"native":false},{"column":19,"file":"C:\\Users\\satis\\Desktop\\final_new\\backend\\node_modules\\ts-node\\src\\index.ts","function":"reportTSError","line":863,"method":null,"native":false},{"column":36,"file":"C:\\Users\\satis\\Desktop\\final_new\\backend\\node_modules\\ts-node\\src\\index.ts","function":"getOutput","line":1077,"method":null,"native":false},{"column":41,"file":"C:\\Users\\satis\\Desktop\\final_new\\backend\\node_modules\\ts-node\\src\\index.ts","function":"Object.compile","line":1433,"method":"compile","native":false},{"column":30,"file":"C:\\Users\\satis\\Desktop\\final_new\\backend\\node_modules\\ts-node\\src\\index.ts","function":"Module.m._compile","line":1617,"method":"_compile","native":false},{"column":10,"file":"node:internal/modules/cjs/loader","function":null,"line":1699,"method":null,"native":false},{"column":12,"file":"C:\\Users\\satis\\Desktop\\final_new\\backend\\node_modules\\ts-node\\src\\index.ts","function":"Object.require.extensions.<computed> [as .ts]","line":1621,"method":"ts]","native":false},{"column":32,"file":"node:internal/modules/cjs/loader","function":"Module.load","line":1313,"method":"load","native":false},{"column":12,"file":"node:internal/modules/cjs/loader","function":"Function._load","line":1123,"method":"_load","native":false},{"column":14,"file":"node:diagnostics_channel","function":"TracingChannel.traceSync","line":322,"method":"traceSync","native":false}]}
{"date":"Tue Feb 10 2026 19:50:06 GMT+0530 (India Standard Time)","error":{"diagnosticCodes":[2322,2304,2304,2304,2304,2322,2304,2304,2304,2304]},"exception":true,"level":"error","message":"uncaughtException: ⨯ Unable to compile TypeScript:\n\u001b[96msrc/routes/groundwater.ts\u001b[0m:\u001b[93m60\u001b[0m:\u001b[93m9\u001b[0m - \u001b[91merror\u001b[0m\u001b[90m TS2322: \u001b[0mType '{ _id: any; date: any; waterLevelMbgl: number; location: { state: string; district: string; village: string; }; trend: \"Stable\"; source: string; createdAt: any; updatedAt: any; __v: number; }' is not assignable to type 'IGroundwater & Required<{ _id: ObjectId; }> & { __v: number; }'.\r\n  Type '{ _id: any; date: any; waterLevelMbgl: number; location: { state: string; district: string; village: string; }; trend: \"Stable\"; source: string; createdAt: any; updatedAt: any; __v: number; }' is missing the following properties from type 'IGroundwater': $assertPopulated, $clearModifiedPaths, $clone, $createModifiedPathsSnapshot, and 50 more.\r\n\r\n\u001b[7m 60\u001b[0m         {\r\n\u001b[7m   \u001b[0m \u001b[91m        ~\u001b[0m\r\n\u001b[7m 61\u001b[0m           _id: new Types.ObjectId(),\r\n\u001b[7m   \u001b[0m \u001b[91m~~~~~~~~~~~~~~~~~~~~~~~~~~~~~~~~~~~~\u001b[0m\r\n\u001b[7m...\u001b[0m \r\n\u001b[7m 69\u001b[0m           __v: 0\r\n\u001b[7m   \u001b[0m \u001b[91m~~~~~~~~~~~~~~~~\u001b[0m\r\n\u001b[7m 70\u001b[0m         },\r\n\u001b[7m   \u001b[0m \u001b[91m~~~~~~~~~\u001b[0m\r\n\u001b[96msrc/routes/groundwater.ts\u001b[0m:\u001b[93m61\u001b[0m:\u001b[93m20\u001b[0m - \u001b[91merror\u001b[0m\u001b[90m TS2304: \u001b[0mCannot find name 'Types'.\r\n\r\n\u001b[7m61\u001b[0m           _id: new Types.ObjectId(),\r\n\u001b[7m  \u001b[0m \u001b[91m                   ~~~~~\u001b[0m\r\n\u001b[96msrc/routes/groundwater.ts\u001b[0m:\u001b[93m62\u001b[0m:\u001b[93m17\u001b[0m - \u001b[91merror\u001b[0m\u001b[90m TS2304: \u001b[0mCannot find name 'now'.\r\n\r\n\u001b[7m62\u001b[0m           date: now,\r\n\u001b[7m  \u001b[0m \u001b[91m                ~~~\u001b[0m\r\n\u001b[96msrc/routes/groundwater.ts\u001b[0m:\u001b[93m67\u001b[0m:\u001b[93m22\u001b[0m - \u001b[91merror\u001b[0m\u001b[90m TS2304: \u001b[0mCannot find name 'now'.\r\n\r\n\u001b[7m67\u001b[0m           createdAt: now,\r\n\u001b[7m  \u001b[0m \u001b[91m                     ~~~\u001b[0m\r\n\u001b[96msrc/routes/groundwater.ts\u001b[0m:\u001b[93m68\u001b[0m:\u001b[93m22\u001b[0m - \u001b[91merror\u001b[0m\u001b[90m TS2304: \u001b[0mCannot find name 'now'.\r\n\r\n\u001b[7m68\u001b[0m           updatedAt: now,\r\n\u001b[7m  \u001b[0m \u001b[91m                     ~~~\u001b[0m\r\n\u001b[96msrc/routes/groundwater.ts\u001b[0m:\u001b[93m71\u001b[0m:\u001b[93m9\u001b[0m - \u001b[91merror\u001b[0m\u001b[90m TS2322: \u001b[0mType '{ _id: any; date: Date; waterLevelMbgl: number; location: { state: string; district: string; village: string; }; trend: \"Falling\"; source: string; createdAt: Date; updatedAt: Date; __v: number; }' is not assignable to type 'IGroundwater & Required<{ _id: ObjectId; }> & { __v: number; }'.\r\n  Type '{ _id: any; date: Date; waterLevelMbgl: number; location: { state: string; district: string; village: string; }; trend: \"Falling\"; source: string; createdAt: Date; updatedAt: Date; __v: number; }' is missing the following properties from type 'IGroundwater': $assertPopulated, $clearModifiedPaths, $clone, $createModifiedPathsSnapshot, and 50 more.\r\n\r\n\u001b[7m 71\u001b[0m         {\r\n\u001b[7m   \u001b[0m \u001b[91m        ~\u001b[0m\r\n\u001b[7m 72\u001b[0m           _id: new Types.ObjectId(),\r\n\u001b[7m   \u001b[0m \u001b[91m~~~~~~~~~~~~~~~~~~~~~~~~~~~~~~~~~~~~\u001b[0m\r\n\u001b[7m...\u001b[0m \r\n\u001b[7m 80\u001b[0m           __v: 0\r\n\u001b[7m   \u001b[0m \u001b[91m~~~~~~~~~~~~~~~~\u001b[0m\r\n\u001b[7m 81\u001b[0m         }\r\n\u001b[7m   \u001b[0m \u001b[91m~~~~~~~~~\u001b[0m\r\n\u001b[96msrc/routes/groundwater.ts\u001b[0m:\u001b[93m72\u001b[0m:\u001b[93m20\u001b[0m - \u001b[91merror\u001b[0m\u001b[90m TS2304: \u001b[0mCannot find name 'Types'.\r\n\r\n\u001b[7m72\u001b[0m           _id: new Types.ObjectId(),\r\n\u001b[7m  \u001b[0m \u001b[91m                   ~~~~~\u001b[0m\r\n\u001b[96msrc/routes/groundwater.ts\u001b[0m:\u001b[93m73\u001b[0m:\u001b[93m26\u001b[0m - \u001b[91merror\u001b[0m\u001b[90m TS2304: \u001b[0mCannot find name 'now'.\r\n\r\n\u001b[7m73\u001b[0m           date: new Date(now.getTime() - 86400000 * 30), // 1 month ago\r\n\u001b[7m  \u001b[0m \u001b[91m                         ~~~\u001b[0m\r\n\u001b[96msrc/routes/groundwater.ts\u001b[0m:\u001b[93m78\u001b[0m:\u001b[93m31\u001b[0m - \u001b[91merror\u001b[0m\u001b[90m TS2304: \u001b[0mCannot find name 'now'.\r\n\r\n\u001b[7m78\u001b[0m           createdAt: new Date(now.getTime() - 86400000 * 30),\r\n\u001b[7m  \u001b[0m \u001b[91m                              ~~~\u001b[0m\r\n\u001b[96msrc/routes/groundwater.ts\u001b[0m:\u001b[93m79\u001b[0m:\u001b[93m31\u001b[0m - \u001b[91merror\u001b[0m\u001b[90m TS2304: \u001b[0mCannot find name 'now'.\r\n\r\n\u001b[7m79\u001b[0m           updatedAt: new Date(now.getTime() - 86400000 * 30),\r\n\u001b[7m  \u001b[0m \u001b[91m                              ~~~\u001b[0m\r\n\nTSError: ⨯ Unable to compile TypeScript:\n\u001b[96msrc/routes/groundwater.ts\u001b[0m:\u001b[93m60\u001b[0m:\u001b[93m9\u001b[0m - \u001b[91merror\u001b[0m\u001b[90m TS2322: \u001b[0mType '{ _id: any; date: any; waterLevelMbgl: number; location: { state: string; district: string; village: string; }; trend: \"Stable\"; source: string; createdAt: any; updatedAt: any; __v: number; }' is not assignable to type 'IGroundwater & Required<{ _id: ObjectId; }> & { __v: number; }'.\r\n  Type '{ _id: any; date: any; waterLevelMbgl: number; location: { state: string; district: string; village: string; }; trend: \"Stable\"; source: string; createdAt: any; updatedAt: any; __v: number; }' is missing the following properties from type 'IGroundwater': $assertPopulated, $clearModifiedPaths, $clone, $createModifiedPathsSnapshot, and 50 more.\r\n\r\n\u001b[7m 60\u001b[0m         {\r\n\u001b[7m   \u001b[0m \u001b[91m        ~\u001b[0m\r\n\u001b[7m 61\u001b[0m           _id: new Types.ObjectId(),\r\n\u001b[7m   \u001b[0m \u001b[91m~~~~~~~~~~~~~~~~~~~~~~~~~~~~~~~~~~~~\u001b[0m\r\n\u001b[7m...\u001b[0m \r\n\u001b[7m 69\u001b[0m           __v: 0\r\n\u001b[7m   \u001b[0m \u001b[91m~~~~~~~~~~~~~~~~\u001b[0m\r\n\u001b[7m 70\u001b[0m         },\r\n\u001b[7m   \u001b[0m \u001b[91m~~~~~~~~~\u001b[0m\r\n\u001b[96msrc/routes/groundwater.ts\u001b[0m:\u001b[93m61\u001b[0m:\u001b[93m20\u001b[0m - \u001b[91merror\u001b[0m\u001b[90m TS2304: \u001b[0mCannot find name 'Types'.\r\n\r\n\u001b[7m61\u001b[0m           _id: new Types.ObjectId(),\r\n\u001b[7m  \u001b[0m \u001b[91m                   ~~~~~\u001b[0m\r\n\u001b[96msrc/routes/groundwater.ts\u001b[0m:\u001b[93m62\u001b[0m:\u001b[93m17\u001b[0m - \u001b[91merror\u001b[0m\u001b[90m TS2304: \u001b[0mCannot find name 'now'.\r\n\r\n\u001b[7m62\u001b[0m           date: now,\r\n\u001b[7m  \u001b[0m \u001b[91m                ~~~\u001b[0m\r\n\u001b[96msrc/routes/groundwater.ts\u001b[0m:\u001b[93m67\u001b[0m:\u001b[93m22\u001b[0m - \u001b[91merror\u001b[0m\u001b[90m TS2304: \u001b[0mCannot find name 'now'.\r\n\r\n\u001b[7m67\u001b[0m           createdAt: now,\r\n\u001b[7m  \u001b[0m \u001b[91m                     ~~~\u001b[0m\r\n\u001b[96msrc/routes/groundwater.ts\u001b[0m:\u001b[93m68\u001b[0m:\u001b[93m22\u001b[0m - \u001b[91merror\u001b[0m\u001b[90m TS2304: \u001b[0mCannot find name 'now'.\r\n\r\n\u001b[7m68\u001b[0m           updatedAt: now,\r\n\u001b[7m  \u001b[0m \u001b[91m                     ~~~\u001b[0m\r\n\u001b[96msrc/routes/groundwater.ts\u001b[0m:\u001b[93m71\u001b[0m:\u001b[93m9\u001b[0m - \u001b[91merror\u001b[0m\u001b[90m TS2322: \u001b[0mType '{ _id: any; date: Date; waterLevelMbgl: number; location: { state: string; district: string; village: string; }; trend: \"Falling\"; source: string; createdAt: Date; updatedAt: Date; __v: number; }' is not assignable to type 'IGroundwater & Required<{ _id: ObjectId; }> & { __v: number; }'.\r\n  Type '{ _id: any; date: Date; waterLevelMbgl: number; location: { state: string; district: string; village: string; }; trend: \"Falling\"; source: string; createdAt: Date; updatedAt: Date; __v: number; }' is missing the following properties from type 'IGroundwater': $assertPopulated, $clearModifiedPaths, $clone, $createModifiedPathsSnapshot, and 50 more.\r\n\r\n\u001b[7m 71\u001b[0m         {\r\n\u001b[7m   \u001b[0m \u001b[91m        ~\u001b[0m\r\n\u001b[7m 72\u001b[0m           _id: new Types.ObjectId(),\r\n\u001b[7m   \u001b[0m \u001b[91m~~~~~~~~~~~~~~~~~~~~~~~~~~~~~~~~~~~~\u001b[0m\r\n\u001b[7m...\u001b[0m \r\n\u001b[7m 80\u001b[0m           __v: 0\r\n\u001b[7m   \u001b[0m \u001b[91m~~~~~~~~~~~~~~~~\u001b[0m\r\n\u001b[7m 81\u001b[0m         }\r\n\u001b[7m   \u001b[0m \u001b[91m~~~~~~~~~\u001b[0m\r\n\u001b[96msrc/routes/groundwater.ts\u001b[0m:\u001b[93m72\u001b[0m:\u001b[93m20\u001b[0m - \u001b[91merror\u001b[0m\u001b[90m TS2304: \u001b[0mCannot find name 'Types'.\r\n\r\n\u001b[7m72\u001b[0m           _id: new Types.ObjectId(),\r\n\u001b[7m  \u001b[0m \u001b[91m                   ~~~~~\u001b[0m\r\n\u001b[96msrc/routes/groundwater.ts\u001b[0m:\u001b[93m73\u001b[0m:\u001b[93m26\u001b[0m - \u001b[91merror\u001b[0m\u001b[90m TS2304: \u001b[0mCannot find name 'now'.\r\n\r\n\u001b[7m73\u001b[0m           date: new Date(now.getTime() - 86400000 * 30), // 1 month ago\r\n\u001b[7m  \u001b[0m \u001b[91m                         ~~~\u001b[0m\r\n\u001b[96msrc/routes/groundwater.ts\u001b[0m:\u001b[93m78\u001b[0m:\u001b[93m31\u001b[0m - \u001b[91merror\u001b[0m\u001b[90m TS2304: \u001b[0mCannot find name 'now'.\r\n\r\n\u001b[7m78\u001b[0m           createdAt: new Date(now.getTime() - 86400000 * 30),\r\n\u001b[7m  \u001b[0m \u001b[91m                              ~~~\u001b[0m\r\n\u001b[96msrc/routes/groundwater.ts\u001b[0m:\u001b[93m79\u001b[0m:\u001b[93m31\u001b[0m - \u001b[91merror\u001b[0m\u001b[90m TS2304: \u001b[0mCannot find name 'now'.\r\n\r\n\u001b[7m79\u001b[0m           updatedAt: new Date(now.getTime() - 86400000 * 30),\r\n\u001b[7m  \u001b[0m \u001b[91m                              ~~~\u001b[0m\r\n\n    at createTSError (C:\\Users\\satis\\Desktop\\final_new\\backend\\node_modules\\ts-node\\src\\index.ts:859:12)\n    at reportTSError (C:\\Users\\satis\\Desktop\\final_new\\backend\\node_modules\\ts-node\\src\\index.ts:863:19)\n    at getOutput (C:\\Users\\satis\\Desktop\\final_new\\backend\\node_modules\\ts-node\\src\\index.ts:1077:36)\n    at Object.compile (C:\\Users\\satis\\Desktop\\final_new\\backend\\node_modules\\ts-node\\src\\index.ts:1433:41)\n    at Module.m._compile (C:\\Users\\satis\\Desktop\\final_new\\backend\\node_modules\\ts-node\\src\\index.ts:1617:30)\n    at node:internal/modules/cjs/loader:1699:10\n    at Object.require.extensions.<computed> [as .ts] (C:\\Users\\satis\\Desktop\\final_new\\backend\\node_modules\\ts-node\\src\\index.ts:1621:12)\n    at Module.load (node:internal/modules/cjs/loader:1313:32)\n    at Function._load (node:internal/modules/cjs/loader:1123:12)\n    at TracingChannel.traceSync (node:diagnostics_channel:322:14)","os":{"loadavg":[0,0,0],"uptime":437435.531},"process":{"argv":["C:\\Users\\satis\\Desktop\\final_new\\backend\\node_modules\\ts-node\\dist\\bin.js","C:\\Users\\satis\\Desktop\\final_new\\backend\\src\\server.ts"],"cwd":"C:\\Users\\satis\\Desktop\\final_new\\backend","execPath":"C:\\Program Files\\nodejs\\node.exe","gid":null,"memoryUsage":{"arrayBuffers":4886431,"external":7764599,"heapTotal":334487552,"heapUsed":299334016,"rss":382652416},"pid":13824,"uid":null,"version":"v22.13.1"},"service":"groundwater-backend","stack":"TSError: ⨯ Unable to compile TypeScript:\n\u001b[96msrc/routes/groundwater.ts\u001b[0m:\u001b[93m60\u001b[0m:\u001b[93m9\u001b[0m - \u001b[91merror\u001b[0m\u001b[90m TS2322: \u001b[0mType '{ _id: any; date: any; waterLevelMbgl: number; location: { state: string; district: string; village: string; }; trend: \"Stable\"; source: string; createdAt: any; updatedAt: any; __v: number; }' is not assignable to type 'IGroundwater & Required<{ _id: ObjectId; }> & { __v: number; }'.\r\n  Type '{ _id: any; date: any; waterLevelMbgl: number; location: { state: string; district: string; village: string; }; trend: \"Stable\"; source: string; createdAt: any; updatedAt: any; __v: number; }' is missing the following properties from type 'IGroundwater': $assertPopulated, $clearModifiedPaths, $clone, $createModifiedPathsSnapshot, and 50 more.\r\n\r\n\u001b[7m 60\u001b[0m         {\r\n\u001b[7m   \u001b[0m \u001b[91m        ~\u001b[0m\r\n\u001b[7m 61\u001b[0m           _id: new Types.ObjectId(),\r\n\u001b[7m   \u001b[0m \u001b[91m~~~~~~~~~~~~~~~~~~~~~~~~~~~~~~~~~~~~\u001b[0m\r\n\u001b[7m...\u001b[0m \r\n\u001b[7m 69\u001b[0m           __v: 0\r\n\u001b[7m   \u001b[0m \u001b[91m~~~~~~~~~~~~~~~~\u001b[0m\r\n\u001b[7m 70\u001b[0m         },\r\n\u001b[7m   \u001b[0m \u001b[91m~~~~~~~~~\u001b[0m\r\n\u001b[96msrc/routes/groundwater.ts\u001b[0m:\u001b[93m61\u001b[0m:\u001b[93m20\u001b[0m - \u001b[91merror\u001b[0m\u001b[90m TS2304: \u001b[0mCannot find name 'Types'.\r\n\r\n\u001b[7m61\u001b[0m           _id: new Types.ObjectId(),\r\n\u001b[7m  \u001b[0m \u001b[91m                   ~~~~~\u001b[0m\r\n\u001b[96msrc/routes/groundwater.ts\u001b[0m:\u001b[93m62\u001b[0m:\u001b[93m17\u001b[0m - \u001b[91merror\u001b[0m\u001b[90m TS2304: \u001b[0mCannot find name 'now'.\r\n\r\n\u001b[7m62\u001b[0m           date: now,\r\n\u001b[7m  \u001b[0m \u001b[91m                ~~~\u001b[0m\r\n\u001b[96msrc/routes/groundwater.ts\u001b[0m:\u001b[93m67\u001b[0m:\u001b[93m22\u001b[0m - \u001b[91merror\u001b[0m\u001b[90m TS2304: \u001b[0mCannot find name 'now'.\r\n\r\n\u001b[7m67\u001b[0m           createdAt: now,\r\n\u001b[7m  \u001b[0m \u001b[91m                     ~~~\u001b[0m\r\n\u001b[96msrc/routes/groundwater.ts\u001b[0m:\u001b[93m68\u001b[0m:\u001b[93m22\u001b[0m - \u001b[91merror\u001b[0m\u001b[90m TS2304: \u001b[0mCannot find name 'now'.\r\n\r\n\u001b[7m68\u001b[0m           updatedAt: now,\r\n\u001b[7m  \u001b[0m \u001b[91m                     ~~~\u001b[0m\r\n\u001b[96msrc/routes/groundwater.ts\u001b[0m:\u001b[93m71\u001b[0m:\u001b[93m9\u001b[0m - \u001b[91merror\u001b[0m\u001b[90m TS2322: \u001b[0mType '{ _id: any; date: Date; waterLevelMbgl: number; location: { state: string; district: string; village: string; }; trend: \"Falling\"; source: string; createdAt: Date; updatedAt: Date; __v: number; }' is not assignable to type 'IGroundwater & Required<{ _id: ObjectId; }> & { __v: number; }'.\r\n  Type '{ _id: any; date: Date; waterLevelMbgl: number; location: { state: string; district: string; village: string; }; trend: \"Falling\"; source: string; createdAt: Date; updatedAt: Date; __v: number; }' is missing the following properties from type 'IGroundwater': $assertPopulated, $clearModifiedPaths, $clone, $createModifiedPathsSnapshot, and 50 more.\r\n\r\n\u001b[7m 71\u001b[0m         {\r\n\u001b[7m   \u001b[0m \u001b[91m        ~\u001b[0m\r\n\u001b[7m 72\u001b[0m           _id: new Types.ObjectId(),\r\n\u001b[7m   \u001b[0m \u001b[91m~~~~~~~~~~~~~~~~~~~~~~~~~~~~~~~~~~~~\u001b[0m\r\n\u001b[7m...\u001b[0m \r\n\u001b[7m 80\u001b[0m           __v: 0\r\n\u001b[7m   \u001b[0m \u001b[91m~~~~~~~~~~~~~~~~\u001b[0m\r\n\u001b[7m 81\u001b[0m         }\r\n\u001b[7m   \u001b[0m \u001b[91m~~~~~~~~~\u001b[0m\r\n\u001b[96msrc/routes/groundwater.ts\u001b[0m:\u001b[93m72\u001b[0m:\u001b[93m20\u001b[0m - \u001b[91merror\u001b[0m\u001b[90m TS2304: \u001b[0mCannot find name 'Types'.\r\n\r\n\u001b[7m72\u001b[0m           _id: new Types.ObjectId(),\r\n\u001b[7m  \u001b[0m \u001b[91m                   ~~~~~\u001b[0m\r\n\u001b[96msrc/routes/groundwater.ts\u001b[0m:\u001b[93m73\u001b[0m:\u001b[93m26\u001b[0m - \u001b[91merror\u001b[0m\u001b[90m TS2304: \u001b[0mCannot find name 'now'.\r\n\r\n\u001b[7m73\u001b[0m           date: new Date(now.getTime() - 86400000 * 30), // 1 month ago\r\n\u001b[7m  \u001b[0m \u001b[91m                         ~~~\u001b[0m\r\n\u001b[96msrc/routes/groundwater.ts\u001b[0m:\u001b[93m78\u001b[0m:\u001b[93m31\u001b[0m - \u001b[91merror\u001b[0m\u001b[90m TS2304: \u001b[0mCannot find name 'now'.\r\n\r\n\u001b[7m78\u001b[0m           createdAt: new Date(now.getTime() - 86400000 * 30),\r\n\u001b[7m  \u001b[0m \u001b[91m                              ~~~\u001b[0m\r\n\u001b[96msrc/routes/groundwater.ts\u001b[0m:\u001b[93m79\u001b[0m:\u001b[93m31\u001b[0m - \u001b[91merror\u001b[0m\u001b[90m TS2304: \u001b[0mCannot find name 'now'.\r\n\r\n\u001b[7m79\u001b[0m           updatedAt: new Date(now.getTime() - 86400000 * 30),\r\n\u001b[7m  \u001b[0m \u001b[91m                              ~~~\u001b[0m\r\n\n    at createTSError (C:\\Users\\satis\\Desktop\\final_new\\backend\\node_modules\\ts-node\\src\\index.ts:859:12)\n    at reportTSError (C:\\Users\\satis\\Desktop\\final_new\\backend\\node_modules\\ts-node\\src\\index.ts:863:19)\n    at getOutput (C:\\Users\\satis\\Desktop\\final_new\\backend\\node_modules\\ts-node\\src\\index.ts:1077:36)\n    at Object.compile (C:\\Users\\satis\\Desktop\\final_new\\backend\\node_modules\\ts-node\\src\\index.ts:1433:41)\n    at Module.m._compile (C:\\Users\\satis\\Desktop\\final_new\\backend\\node_modules\\ts-node\\src\\index.ts:1617:30)\n    at node:internal/modules/cjs/loader:1699:10\n    at Object.require.extensions.<computed> [as .ts] (C:\\Users\\satis\\Desktop\\final_new\\backend\\node_modules\\ts-node\\src\\index.ts:1621:12)\n    at Module.load (node:internal/modules/cjs/loader:1313:32)\n    at Function._load (node:internal/modules/cjs/loader:1123:12)\n    at TracingChannel.traceSync (node:diagnostics_channel:322:14)","timestamp":"2026-02-10 19:50:06","trace":[{"column":12,"file":"C:\\Users\\satis\\Desktop\\final_new\\backend\\node_modules\\ts-node\\src\\index.ts","function":"createTSError","line":859,"method":null,"native":false},{"column":19,"file":"C:\\Users\\satis\\Desktop\\final_new\\backend\\node_modules\\ts-node\\src\\index.ts","function":"reportTSError","line":863,"method":null,"native":false},{"column":36,"file":"C:\\Users\\satis\\Desktop\\final_new\\backend\\node_modules\\ts-node\\src\\index.ts","function":"getOutput","line":1077,"method":null,"native":false},{"column":41,"file":"C:\\Users\\satis\\Desktop\\final_new\\backend\\node_modules\\ts-node\\src\\index.ts","function":"Object.compile","line":1433,"method":"compile","native":false},{"column":30,"file":"C:\\Users\\satis\\Desktop\\final_new\\backend\\node_modules\\ts-node\\src\\index.ts","function":"Module.m._compile","line":1617,"method":"_compile","native":false},{"column":10,"file":"node:internal/modules/cjs/loader","function":null,"line":1699,"method":null,"native":false},{"column":12,"file":"C:\\Users\\satis\\Desktop\\final_new\\backend\\node_modules\\ts-node\\src\\index.ts","function":"Object.require.extensions.<computed> [as .ts]","line":1621,"method":"ts]","native":false},{"column":32,"file":"node:internal/modules/cjs/loader","function":"Module.load","line":1313,"method":"load","native":false},{"column":12,"file":"node:internal/modules/cjs/loader","function":"Function._load","line":1123,"method":"_load","native":false},{"column":14,"file":"node:diagnostics_channel","function":"TracingChannel.traceSync","line":322,"method":"traceSync","native":false}]}
{"date":"Tue Feb 10 2026 19:52:40 GMT+0530 (India Standard Time)","error":{"diagnosticCodes":[2352]},"exception":true,"level":"error","message":"uncaughtException: ⨯ Unable to compile TypeScript:\n\u001b[96msrc/routes/groundwater.ts\u001b[0m:\u001b[93m62\u001b[0m:\u001b[93m28\u001b[0m - \u001b[91merror\u001b[0m\u001b[90m TS2352: \u001b[0mConversion of type '(IGroundwater & Required<{ _id: ObjectId; }> & { __v: number; })[]' to type 'IGroundwaterData[]' may be a mistake because neither type sufficiently overlaps with the other. If this was intentional, convert the expression to 'unknown' first.\r\n  Type 'IGroundwater & Required<{ _id: ObjectId; }> & { __v: number; }' is not comparable to type 'IGroundwaterData'.\r\n    Types of property '_id' are incompatible.\r\n      Type 'ObjectId' is not comparable to type 'string'.\r\n\r\n\u001b[7m62\u001b[0m       : await sendDataToML(data as IGroundwaterData[]);\r\n\u001b[7m  \u001b[0m \u001b[91m                           ~~~~~~~~~~~~~~~~~~~~~~~~~~\u001b[0m\r\n\nTSError: ⨯ Unable to compile TypeScript:\n\u001b[96msrc/routes/groundwater.ts\u001b[0m:\u001b[93m62\u001b[0m:\u001b[93m28\u001b[0m - \u001b[91merror\u001b[0m\u001b[90m TS2352: \u001b[0mConversion of type '(IGroundwater & Required<{ _id: ObjectId; }> & { __v: number; })[]' to type 'IGroundwaterData[]' may be a mistake because neither type sufficiently overlaps with the other. If this was intentional, convert the expression to 'unknown' first.\r\n  Type 'IGroundwater & Required<{ _id: ObjectId; }> & { __v: number; }' is not comparable to type 'IGroundwaterData'.\r\n    Types of property '_id' are incompatible.\r\n      Type 'ObjectId' is not comparable to type 'string'.\r\n\r\n\u001b[7m62\u001b[0m       : await sendDataToML(data as IGroundwaterData[]);\r\n\u001b[7m  \u001b[0m \u001b[91m                           ~~~~~~~~~~~~~~~~~~~~~~~~~~\u001b[0m\r\n\n    at createTSError (C:\\Users\\satis\\Desktop\\final_new\\backend\\node_modules\\ts-node\\src\\index.ts:859:12)\n    at reportTSError (C:\\Users\\satis\\Desktop\\final_new\\backend\\node_modules\\ts-node\\src\\index.ts:863:19)\n    at getOutput (C:\\Users\\satis\\Desktop\\final_new\\backend\\node_modules\\ts-node\\src\\index.ts:1077:36)\n    at Object.compile (C:\\Users\\satis\\Desktop\\final_new\\backend\\node_modules\\ts-node\\src\\index.ts:1433:41)\n    at Module.m._compile (C:\\Users\\satis\\Desktop\\final_new\\backend\\node_modules\\ts-node\\src\\index.ts:1617:30)\n    at node:internal/modules/cjs/loader:1699:10\n    at Object.require.extensions.<computed> [as .ts] (C:\\Users\\satis\\Desktop\\final_new\\backend\\node_modules\\ts-node\\src\\index.ts:1621:12)\n    at Module.load (node:internal/modules/cjs/loader:1313:32)\n    at Function._load (node:internal/modules/cjs/loader:1123:12)\n    at TracingChannel.traceSync (node:diagnostics_channel:322:14)","os":{"loadavg":[0,0,0],"uptime":437589.953},"process":{"argv":["C:\\Users\\satis\\Desktop\\final_new\\backend\\node_modules\\ts-node\\dist\\bin.js","C:\\Users\\satis\\Desktop\\final_new\\backend\\src\\server.ts"],"cwd":"C:\\Users\\satis\\Desktop\\final_new\\backend","execPath":"C:\\Program Files\\nodejs\\node.exe","gid":null,"memoryUsage":{"arrayBuffers":4886415,"external":7764583,"heapTotal":332652544,"heapUsed":296569424,"rss":377925632},"pid":2340,"uid":null,"version":"v22.13.1"},"service":"groundwater-backend","stack":"TSError: ⨯ Unable to compile TypeScript:\n\u001b[96msrc/routes/groundwater.ts\u001b[0m:\u001b[93m62\u001b[0m:\u001b[93m28\u001b[0m - \u001b[91merror\u001b[0m\u001b[90m TS2352: \u001b[0mConversion of type '(IGroundwater & Required<{ _id: ObjectId; }> & { __v: number; })[]' to type 'IGroundwaterData[]' may be a mistake because neither type sufficiently overlaps with the other. If this was intentional, convert the expression to 'unknown' first.\r\n  Type 'IGroundwater & Required<{ _id: ObjectId; }> & { __v: number; }' is not comparable to type 'IGroundwaterData'.\r\n    Types of property '_id' are incompatible.\r\n      Type 'ObjectId' is not comparable to type 'string'.\r\n\r\n\u001b[7m62\u001b[0m       : await sendDataToML(data as IGroundwaterData[]);\r\n\u001b[7m  \u001b[0m \u001b[91m                           ~~~~~~~~~~~~~~~~~~~~~~~~~~\u001b[0m\r\n\n    at createTSError (C:\\Users\\satis\\Desktop\\final_new\\backend\\node_modules\\ts-node\\src\\index.ts:859:12)\n    at reportTSError (C:\\Users\\satis\\Desktop\\final_new\\backend\\node_modules\\ts-node\\src\\index.ts:863:19)\n    at getOutput (C:\\Users\\satis\\Desktop\\final_new\\backend\\node_modules\\ts-node\\src\\index.ts:1077:36)\n    at Object.compile (C:\\Users\\satis\\Desktop\\final_new\\backend\\node_modules\\ts-node\\src\\index.ts:1433:41)\n    at Module.m._compile (C:\\Users\\satis\\Desktop\\final_new\\backend\\node_modules\\ts-node\\src\\index.ts:1617:30)\n    at node:internal/modules/cjs/loader:1699:10\n    at Object.require.extensions.<computed> [as .ts] (C:\\Users\\satis\\Desktop\\final_new\\backend\\node_modules\\ts-node\\src\\index.ts:1621:12)\n    at Module.load (node:internal/modules/cjs/loader:1313:32)\n    at Function._load (node:internal/modules/cjs/loader:1123:12)\n    at TracingChannel.traceSync (node:diagnostics_channel:322:14)","timestamp":"2026-02-10 19:52:40","trace":[{"column":12,"file":"C:\\Users\\satis\\Desktop\\final_new\\backend\\node_modules\\ts-node\\src\\index.ts","function":"createTSError","line":859,"method":null,"native":false},{"column":19,"file":"C:\\Users\\satis\\Desktop\\final_new\\backend\\node_modules\\ts-node\\src\\index.ts","function":"reportTSError","line":863,"method":null,"native":false},{"column":36,"file":"C:\\Users\\satis\\Desktop\\final_new\\backend\\node_modules\\ts-node\\src\\index.ts","function":"getOutput","line":1077,"method":null,"native":false},{"column":41,"file":"C:\\Users\\satis\\Desktop\\final_new\\backend\\node_modules\\ts-node\\src\\index.ts","function":"Object.compile","line":1433,"method":"compile","native":false},{"column":30,"file":"C:\\Users\\satis\\Desktop\\final_new\\backend\\node_modules\\ts-node\\src\\index.ts","function":"Module.m._compile","line":1617,"method":"_compile","native":false},{"column":10,"file":"node:internal/modules/cjs/loader","function":null,"line":1699,"method":null,"native":false},{"column":12,"file":"C:\\Users\\satis\\Desktop\\final_new\\backend\\node_modules\\ts-node\\src\\index.ts","function":"Object.require.extensions.<computed> [as .ts]","line":1621,"method":"ts]","native":false},{"column":32,"file":"node:internal/modules/cjs/loader","function":"Module.load","line":1313,"method":"load","native":false},{"column":12,"file":"node:internal/modules/cjs/loader","function":"Function._load","line":1123,"method":"_load","native":false},{"column":14,"file":"node:diagnostics_channel","function":"TracingChannel.traceSync","line":322,"method":"traceSync","native":false}]}
{"date":"Tue Feb 10 2026 19:53:59 GMT+0530 (India Standard Time)","error":{"diagnosticCodes":[2352]},"exception":true,"level":"error","message":"uncaughtException: ⨯ Unable to compile TypeScript:\n\u001b[96msrc/routes/groundwater.ts\u001b[0m:\u001b[93m62\u001b[0m:\u001b[93m28\u001b[0m - \u001b[91merror\u001b[0m\u001b[90m TS2352: \u001b[0mConversion of type '(IGroundwater & Required<{ _id: ObjectId; }> & { __v: number; })[]' to type 'IGroundwaterData[]' may be a mistake because neither type sufficiently overlaps with the other. If this was intentional, convert the expression to 'unknown' first.\r\n  Type 'IGroundwater & Required<{ _id: ObjectId; }> & { __v: number; }' is not comparable to type 'IGroundwaterData'.\r\n    Types of property '_id' are incompatible.\r\n      Type 'ObjectId' is not comparable to type 'string'.\r\n\r\n\u001b[7m62\u001b[0m       : await sendDataToML(data as IGroundwaterData[]);\r\n\u001b[7m  \u001b[0m \u001b[91m                           ~~~~~~~~~~~~~~~~~~~~~~~~~~\u001b[0m\r\n\nTSError: ⨯ Unable to compile TypeScript:\n\u001b[96msrc/routes/groundwater.ts\u001b[0m:\u001b[93m62\u001b[0m:\u001b[93m28\u001b[0m - \u001b[91merror\u001b[0m\u001b[90m TS2352: \u001b[0mConversion of type '(IGroundwater & Required<{ _id: ObjectId; }> & { __v: number; })[]' to type 'IGroundwaterData[]' may be a mistake because neither type sufficiently overlaps with the other. If this was intentional, convert the expression to 'unknown' first.\r\n  Type 'IGroundwater & Required<{ _id: ObjectId; }> & { __v: number; }' is not comparable to type 'IGroundwaterData'.\r\n    Types of property '_id' are incompatible.\r\n      Type 'ObjectId' is not comparable to type 'string'.\r\n\r\n\u001b[7m62\u001b[0m       : await sendDataToML(data as IGroundwaterData[]);\r\n\u001b[7m  \u001b[0m \u001b[91m                           ~~~~~~~~~~~~~~~~~~~~~~~~~~\u001b[0m\r\n\n    at createTSError (C:\\Users\\satis\\Desktop\\final_new\\backend\\node_modules\\ts-node\\src\\index.ts:859:12)\n    at reportTSError (C:\\Users\\satis\\Desktop\\final_new\\backend\\node_modules\\ts-node\\src\\index.ts:863:19)\n    at getOutput (C:\\Users\\satis\\Desktop\\final_new\\backend\\node_modules\\ts-node\\src\\index.ts:1077:36)\n    at Object.compile (C:\\Users\\satis\\Desktop\\final_new\\backend\\node_modules\\ts-node\\src\\index.ts:1433:41)\n    at Module.m._compile (C:\\Users\\satis\\Desktop\\final_new\\backend\\node_modules\\ts-node\\src\\index.ts:1617:30)\n    at node:internal/modules/cjs/loader:1699:10\n    at Object.require.extensions.<computed> [as .ts] (C:\\Users\\satis\\Desktop\\final_new\\backend\\node_modules\\ts-node\\src\\index.ts:1621:12)\n    at Module.load (node:internal/modules/cjs/loader:1313:32)\n    at Function._load (node:internal/modules/cjs/loader:1123:12)\n    at TracingChannel.traceSync (node:diagnostics_channel:322:14)","os":{"loadavg":[0,0,0],"uptime":437669.328},"process":{"argv":["C:\\Users\\satis\\Desktop\\final_new\\backend\\node_modules\\ts-node\\dist\\bin.js","C:\\Users\\satis\\Desktop\\final_new\\backend\\src\\server.ts"],"cwd":"C:\\Users\\satis\\Desktop\\final_new\\backend","execPath":"C:\\Program Files\\nodejs\\node.exe","gid":null,"memoryUsage":{"arrayBuffers":4886423,"external":7764591,"heapTotal":329506816,"heapUsed":305801544,"rss":374534144},"pid":18760,"uid":null,"version":"v22.13.1"},"service":"groundwater-backend","stack":"TSError: ⨯ Unable to compile TypeScript:\n\u001b[96msrc/routes/groundwater.ts\u001b[0m:\u001b[93m62\u001b[0m:\u001b[93m28\u001b[0m - \u001b[91merror\u001b[0m\u001b[90m TS2352: \u001b[0mConversion of type '(IGroundwater & Required<{ _id: ObjectId; }> & { __v: number; })[]' to type 'IGroundwaterData[]' may be a mistake because neither type sufficiently overlaps with the other. If this was intentional, convert the expression to 'unknown' first.\r\n  Type 'IGroundwater & Required<{ _id: ObjectId; }> & { __v: number; }' is not comparable to type 'IGroundwaterData'.\r\n    Types of property '_id' are incompatible.\r\n      Type 'ObjectId' is not comparable to type 'string'.\r\n\r\n\u001b[7m62\u001b[0m       : await sendDataToML(data as IGroundwaterData[]);\r\n\u001b[7m  \u001b[0m \u001b[91m                           ~~~~~~~~~~~~~~~~~~~~~~~~~~\u001b[0m\r\n\n    at createTSError (C:\\Users\\satis\\Desktop\\final_new\\backend\\node_modules\\ts-node\\src\\index.ts:859:12)\n    at reportTSError (C:\\Users\\satis\\Desktop\\final_new\\backend\\node_modules\\ts-node\\src\\index.ts:863:19)\n    at getOutput (C:\\Users\\satis\\Desktop\\final_new\\backend\\node_modules\\ts-node\\src\\index.ts:1077:36)\n    at Object.compile (C:\\Users\\satis\\Desktop\\final_new\\backend\\node_modules\\ts-node\\src\\index.ts:1433:41)\n    at Module.m._compile (C:\\Users\\satis\\Desktop\\final_new\\backend\\node_modules\\ts-node\\src\\index.ts:1617:30)\n    at node:internal/modules/cjs/loader:1699:10\n    at Object.require.extensions.<computed> [as .ts] (C:\\Users\\satis\\Desktop\\final_new\\backend\\node_modules\\ts-node\\src\\index.ts:1621:12)\n    at Module.load (node:internal/modules/cjs/loader:1313:32)\n    at Function._load (node:internal/modules/cjs/loader:1123:12)\n    at TracingChannel.traceSync (node:diagnostics_channel:322:14)","timestamp":"2026-02-10 19:53:59","trace":[{"column":12,"file":"C:\\Users\\satis\\Desktop\\final_new\\backend\\node_modules\\ts-node\\src\\index.ts","function":"createTSError","line":859,"method":null,"native":false},{"column":19,"file":"C:\\Users\\satis\\Desktop\\final_new\\backend\\node_modules\\ts-node\\src\\index.ts","function":"reportTSError","line":863,"method":null,"native":false},{"column":36,"file":"C:\\Users\\satis\\Desktop\\final_new\\backend\\node_modules\\ts-node\\src\\index.ts","function":"getOutput","line":1077,"method":null,"native":false},{"column":41,"file":"C:\\Users\\satis\\Desktop\\final_new\\backend\\node_modules\\ts-node\\src\\index.ts","function":"Object.compile","line":1433,"method":"compile","native":false},{"column":30,"file":"C:\\Users\\satis\\Desktop\\final_new\\backend\\node_modules\\ts-node\\src\\index.ts","function":"Module.m._compile","line":1617,"method":"_compile","native":false},{"column":10,"file":"node:internal/modules/cjs/loader","function":null,"line":1699,"method":null,"native":false},{"column":12,"file":"C:\\Users\\satis\\Desktop\\final_new\\backend\\node_modules\\ts-node\\src\\index.ts","function":"Object.require.extensions.<computed> [as .ts]","line":1621,"method":"ts]","native":false},{"column":32,"file":"node:internal/modules/cjs/loader","function":"Module.load","line":1313,"method":"load","native":false},{"column":12,"file":"node:internal/modules/cjs/loader","function":"Function._load","line":1123,"method":"_load","native":false},{"column":14,"file":"node:diagnostics_channel","function":"TracingChannel.traceSync","line":322,"method":"traceSync","native":false}]}
{"date":"Tue Feb 10 2026 19:54:20 GMT+0530 (India Standard Time)","error":{"diagnosticCodes":[2352]},"exception":true,"level":"error","message":"uncaughtException: ⨯ Unable to compile TypeScript:\n\u001b[96msrc/routes/groundwater.ts\u001b[0m:\u001b[93m61\u001b[0m:\u001b[93m28\u001b[0m - \u001b[91merror\u001b[0m\u001b[90m TS2352: \u001b[0mConversion of type '(IGroundwater & Required<{ _id: ObjectId; }> & { __v: number; })[]' to type 'IGroundwaterData[]' may be a mistake because neither type sufficiently overlaps with the other. If this was intentional, convert the expression to 'unknown' first.\r\n  Type 'IGroundwater & Required<{ _id: ObjectId; }> & { __v: number; }' is not comparable to type 'IGroundwaterData'.\r\n    Types of property '_id' are incompatible.\r\n      Type 'ObjectId' is not comparable to type 'string'.\r\n\r\n\u001b[7m61\u001b[0m       : await sendDataToML(data as IGroundwaterData[]);\r\n\u001b[7m  \u001b[0m \u001b[91m                           ~~~~~~~~~~~~~~~~~~~~~~~~~~\u001b[0m\r\n\nTSError: ⨯ Unable to compile TypeScript:\n\u001b[96msrc/routes/groundwater.ts\u001b[0m:\u001b[93m61\u001b[0m:\u001b[93m28\u001b[0m - \u001b[91merror\u001b[0m\u001b[90m TS2352: \u001b[0mConversion of type '(IGroundwater & Required<{ _id: ObjectId; }> & { __v: number; })[]' to type 'IGroundwaterData[]' may be a mistake because neither type sufficiently overlaps with the other. If this was intentional, convert the expression to 'unknown' first.\r\n  Type 'IGroundwater & Required<{ _id: ObjectId; }> & { __v: number; }' is not comparable to type 'IGroundwaterData'.\r\n    Types of property '_id' are incompatible.\r\n      Type 'ObjectId' is not comparable to type 'string'.\r\n\r\n\u001b[7m61\u001b[0m       : await sendDataToML(data as IGroundwaterData[]);\r\n\u001b[7m  \u001b[0m \u001b[91m                           ~~~~~~~~~~~~~~~~~~~~~~~~~~\u001b[0m\r\n\n    at createTSError (C:\\Users\\satis\\Desktop\\final_new\\backend\\node_modules\\ts-node\\src\\index.ts:859:12)\n    at reportTSError (C:\\Users\\satis\\Desktop\\final_new\\backend\\node_modules\\ts-node\\src\\index.ts:863:19)\n    at getOutput (C:\\Users\\satis\\Desktop\\final_new\\backend\\node_modules\\ts-node\\src\\index.ts:1077:36)\n    at Object.compile (C:\\Users\\satis\\Desktop\\final_new\\backend\\node_modules\\ts-node\\src\\index.ts:1433:41)\n    at Module.m._compile (C:\\Users\\satis\\Desktop\\final_new\\backend\\node_modules\\ts-node\\src\\index.ts:1617:30)\n    at node:internal/modules/cjs/loader:1699:10\n    at Object.require.extensions.<computed> [as .ts] (C:\\Users\\satis\\Desktop\\final_new\\backend\\node_modules\\ts-node\\src\\index.ts:1621:12)\n    at Module.load (node:internal/modules/cjs/loader:1313:32)\n    at Function._load (node:internal/modules/cjs/loader:1123:12)\n    at TracingChannel.traceSync (node:diagnostics_channel:322:14)","os":{"loadavg":[0,0,0],"uptime":437689.968},"process":{"argv":["C:\\Users\\satis\\Desktop\\final_new\\backend\\node_modules\\ts-node\\dist\\bin.js","C:\\Users\\satis\\Desktop\\final_new\\backend\\src\\server.ts"],"cwd":"C:\\Users\\satis\\Desktop\\final_new\\backend","execPath":"C:\\Program Files\\nodejs\\node.exe","gid":null,"memoryUsage":{"arrayBuffers":4886471,"external":7764639,"heapTotal":327888896,"heapUsed":298784920,"rss":380424192},"pid":13164,"uid":null,"version":"v22.13.1"},"service":"groundwater-backend","stack":"TSError: ⨯ Unable to compile TypeScript:\n\u001b[96msrc/routes/groundwater.ts\u001b[0m:\u001b[93m61\u001b[0m:\u001b[93m28\u001b[0m - \u001b[91merror\u001b[0m\u001b[90m TS2352: \u001b[0mConversion of type '(IGroundwater & Required<{ _id: ObjectId; }> & { __v: number; })[]' to type 'IGroundwaterData[]' may be a mistake because neither type sufficiently overlaps with the other. If this was intentional, convert the expression to 'unknown' first.\r\n  Type 'IGroundwater & Required<{ _id: ObjectId; }> & { __v: number; }' is not comparable to type 'IGroundwaterData'.\r\n    Types of property '_id' are incompatible.\r\n      Type 'ObjectId' is not comparable to type 'string'.\r\n\r\n\u001b[7m61\u001b[0m       : await sendDataToML(data as IGroundwaterData[]);\r\n\u001b[7m  \u001b[0m \u001b[91m                           ~~~~~~~~~~~~~~~~~~~~~~~~~~\u001b[0m\r\n\n    at createTSError (C:\\Users\\satis\\Desktop\\final_new\\backend\\node_modules\\ts-node\\src\\index.ts:859:12)\n    at reportTSError (C:\\Users\\satis\\Desktop\\final_new\\backend\\node_modules\\ts-node\\src\\index.ts:863:19)\n    at getOutput (C:\\Users\\satis\\Desktop\\final_new\\backend\\node_modules\\ts-node\\src\\index.ts:1077:36)\n    at Object.compile (C:\\Users\\satis\\Desktop\\final_new\\backend\\node_modules\\ts-node\\src\\index.ts:1433:41)\n    at Module.m._compile (C:\\Users\\satis\\Desktop\\final_new\\backend\\node_modules\\ts-node\\src\\index.ts:1617:30)\n    at node:internal/modules/cjs/loader:1699:10\n    at Object.require.extensions.<computed> [as .ts] (C:\\Users\\satis\\Desktop\\final_new\\backend\\node_modules\\ts-node\\src\\index.ts:1621:12)\n    at Module.load (node:internal/modules/cjs/loader:1313:32)\n    at Function._load (node:internal/modules/cjs/loader:1123:12)\n    at TracingChannel.traceSync (node:diagnostics_channel:322:14)","timestamp":"2026-02-10 19:54:20","trace":[{"column":12,"file":"C:\\Users\\satis\\Desktop\\final_new\\backend\\node_modules\\ts-node\\src\\index.ts","function":"createTSError","line":859,"method":null,"native":false},{"column":19,"file":"C:\\Users\\satis\\Desktop\\final_new\\backend\\node_modules\\ts-node\\src\\index.ts","function":"reportTSError","line":863,"method":null,"native":false},{"column":36,"file":"C:\\Users\\satis\\Desktop\\final_new\\backend\\node_modules\\ts-node\\src\\index.ts","function":"getOutput","line":1077,"method":null,"native":false},{"column":41,"file":"C:\\Users\\satis\\Desktop\\final_new\\backend\\node_modules\\ts-node\\src\\index.ts","function":"Object.compile","line":1433,"method":"compile","native":false},{"column":30,"file":"C:\\Users\\satis\\Desktop\\final_new\\backend\\node_modules\\ts-node\\src\\index.ts","function":"Module.m._compile","line":1617,"method":"_compile","native":false},{"column":10,"file":"node:internal/modules/cjs/loader","function":null,"line":1699,"method":null,"native":false},{"column":12,"file":"C:\\Users\\satis\\Desktop\\final_new\\backend\\node_modules\\ts-node\\src\\index.ts","function":"Object.require.extensions.<computed> [as .ts]","line":1621,"method":"ts]","native":false},{"column":32,"file":"node:internal/modules/cjs/loader","function":"Module.load","line":1313,"method":"load","native":false},{"column":12,"file":"node:internal/modules/cjs/loader","function":"Function._load","line":1123,"method":"_load","native":false},{"column":14,"file":"node:diagnostics_channel","function":"TracingChannel.traceSync","line":322,"method":"traceSync","native":false}]}
{"date":"Sun Feb 15 2026 21:06:48 GMT+0530 (India Standard Time)","error":{"diagnosticCodes":[2724]},"exception":true,"level":"error","message":"uncaughtException: ⨯ Unable to compile TypeScript:\n\u001b[96msrc/cron/dailyFetch.ts\u001b[0m:\u001b[93m4\u001b[0m:\u001b[93m10\u001b[0m - \u001b[91merror\u001b[0m\u001b[90m TS2724: \u001b[0m'\"../services/fetchGroundwater\"' has no exported member named 'fetchAndSaveGroundwaterData'. Did you mean 'fetchGroundwaterData'?\r\n\r\n\u001b[7m4\u001b[0m import { fetchAndSaveGroundwaterData } from '../services/fetchGroundwater';\r\n\u001b[7m \u001b[0m \u001b[91m         ~~~~~~~~~~~~~~~~~~~~~~~~~~~\u001b[0m\r\n\r\n  \u001b[96msrc/services/fetchGroundwater.ts\u001b[0m:\u001b[93m85\u001b[0m:\u001b[93m23\u001b[0m\r\n    \u001b[7m85\u001b[0m export async function fetchGroundwaterData(state: string, district?: string): Promise<IGroundwaterData[]> {\r\n    \u001b[7m  \u001b[0m \u001b[96m                      ~~~~~~~~~~~~~~~~~~~~\u001b[0m\r\n    'fetchGroundwaterData' is declared here.\r\n\nTSError: ⨯ Unable to compile TypeScript:\n\u001b[96msrc/cron/dailyFetch.ts\u001b[0m:\u001b[93m4\u001b[0m:\u001b[93m10\u001b[0m - \u001b[91merror\u001b[0m\u001b[90m TS2724: \u001b[0m'\"../services/fetchGroundwater\"' has no exported member named 'fetchAndSaveGroundwaterData'. Did you mean 'fetchGroundwaterData'?\r\n\r\n\u001b[7m4\u001b[0m import { fetchAndSaveGroundwaterData } from '../services/fetchGroundwater';\r\n\u001b[7m \u001b[0m \u001b[91m         ~~~~~~~~~~~~~~~~~~~~~~~~~~~\u001b[0m\r\n\r\n  \u001b[96msrc/services/fetchGroundwater.ts\u001b[0m:\u001b[93m85\u001b[0m:\u001b[93m23\u001b[0m\r\n    \u001b[7m85\u001b[0m export async function fetchGroundwaterData(state: string, district?: string): Promise<IGroundwaterData[]> {\r\n    \u001b[7m  \u001b[0m \u001b[96m                      ~~~~~~~~~~~~~~~~~~~~\u001b[0m\r\n    'fetchGroundwaterData' is declared here.\r\n\n    at createTSError (C:\\Users\\satis\\Desktop\\final_new\\backend\\node_modules\\ts-node\\src\\index.ts:859:12)\n    at reportTSError (C:\\Users\\satis\\Desktop\\final_new\\backend\\node_modules\\ts-node\\src\\index.ts:863:19)\n    at getOutput (C:\\Users\\satis\\Desktop\\final_new\\backend\\node_modules\\ts-node\\src\\index.ts:1077:36)\n    at Object.compile (C:\\Users\\satis\\Desktop\\final_new\\backend\\node_modules\\ts-node\\src\\index.ts:1433:41)\n    at Module.m._compile (C:\\Users\\satis\\Desktop\\final_new\\backend\\node_modules\\ts-node\\src\\index.ts:1617:30)\n    at node:internal/modules/cjs/loader:1699:10\n    at Object.require.extensions.<computed> [as .ts] (C:\\Users\\satis\\Desktop\\final_new\\backend\\node_modules\\ts-node\\src\\index.ts:1621:12)\n    at Module.load (node:internal/modules/cjs/loader:1313:32)\n    at Function._load (node:internal/modules/cjs/loader:1123:12)\n    at TracingChannel.traceSync (node:diagnostics_channel:322:14)","os":{"loadavg":[0,0,0],"uptime":874038.156},"process":{"argv":["C:\\Users\\satis\\Desktop\\final_new\\backend\\node_modules\\ts-node\\dist\\bin.js","C:\\Users\\satis\\Desktop\\final_new\\backend\\src\\server.ts"],"cwd":"C:\\Users\\satis\\Desktop\\final_new\\backend","execPath":"C:\\Program Files\\nodejs\\node.exe","gid":null,"memoryUsage":{"arrayBuffers":23205888,"external":27242292,"heapTotal":509595648,"heapUsed":470648952,"rss":566865920},"pid":31680,"uid":null,"version":"v22.13.1"},"service":"groundwater-backend","stack":"TSError: ⨯ Unable to compile TypeScript:\n\u001b[96msrc/cron/dailyFetch.ts\u001b[0m:\u001b[93m4\u001b[0m:\u001b[93m10\u001b[0m - \u001b[91merror\u001b[0m\u001b[90m TS2724: \u001b[0m'\"../services/fetchGroundwater\"' has no exported member named 'fetchAndSaveGroundwaterData'. Did you mean 'fetchGroundwaterData'?\r\n\r\n\u001b[7m4\u001b[0m import { fetchAndSaveGroundwaterData } from '../services/fetchGroundwater';\r\n\u001b[7m \u001b[0m \u001b[91m         ~~~~~~~~~~~~~~~~~~~~~~~~~~~\u001b[0m\r\n\r\n  \u001b[96msrc/services/fetchGroundwater.ts\u001b[0m:\u001b[93m85\u001b[0m:\u001b[93m23\u001b[0m\r\n    \u001b[7m85\u001b[0m export async function fetchGroundwaterData(state: string, district?: string): Promise<IGroundwaterData[]> {\r\n    \u001b[7m  \u001b[0m \u001b[96m                      ~~~~~~~~~~~~~~~~~~~~\u001b[0m\r\n    'fetchGroundwaterData' is declared here.\r\n\n    at createTSError (C:\\Users\\satis\\Desktop\\final_new\\backend\\node_modules\\ts-node\\src\\index.ts:859:12)\n    at reportTSError (C:\\Users\\satis\\Desktop\\final_new\\backend\\node_modules\\ts-node\\src\\index.ts:863:19)\n    at getOutput (C:\\Users\\satis\\Desktop\\final_new\\backend\\node_modules\\ts-node\\src\\index.ts:1077:36)\n    at Object.compile (C:\\Users\\satis\\Desktop\\final_new\\backend\\node_modules\\ts-node\\src\\index.ts:1433:41)\n    at Module.m._compile (C:\\Users\\satis\\Desktop\\final_new\\backend\\node_modules\\ts-node\\src\\index.ts:1617:30)\n    at node:internal/modules/cjs/loader:1699:10\n    at Object.require.extensions.<computed> [as .ts] (C:\\Users\\satis\\Desktop\\final_new\\backend\\node_modules\\ts-node\\src\\index.ts:1621:12)\n    at Module.load (node:internal/modules/cjs/loader:1313:32)\n    at Function._load (node:internal/modules/cjs/loader:1123:12)\n    at TracingChannel.traceSync (node:diagnostics_channel:322:14)","timestamp":"2026-02-15 21:06:48","trace":[{"column":12,"file":"C:\\Users\\satis\\Desktop\\final_new\\backend\\node_modules\\ts-node\\src\\index.ts","function":"createTSError","line":859,"method":null,"native":false},{"column":19,"file":"C:\\Users\\satis\\Desktop\\final_new\\backend\\node_modules\\ts-node\\src\\index.ts","function":"reportTSError","line":863,"method":null,"native":false},{"column":36,"file":"C:\\Users\\satis\\Desktop\\final_new\\backend\\node_modules\\ts-node\\src\\index.ts","function":"getOutput","line":1077,"method":null,"native":false},{"column":41,"file":"C:\\Users\\satis\\Desktop\\final_new\\backend\\node_modules\\ts-node\\src\\index.ts","function":"Object.compile","line":1433,"method":"compile","native":false},{"column":30,"file":"C:\\Users\\satis\\Desktop\\final_new\\backend\\node_modules\\ts-node\\src\\index.ts","function":"Module.m._compile","line":1617,"method":"_compile","native":false},{"column":10,"file":"node:internal/modules/cjs/loader","function":null,"line":1699,"method":null,"native":false},{"column":12,"file":"C:\\Users\\satis\\Desktop\\final_new\\backend\\node_modules\\ts-node\\src\\index.ts","function":"Object.require.extensions.<computed> [as .ts]","line":1621,"method":"ts]","native":false},{"column":32,"file":"node:internal/modules/cjs/loader","function":"Module.load","line":1313,"method":"load","native":false},{"column":12,"file":"node:internal/modules/cjs/loader","function":"Function._load","line":1123,"method":"_load","native":false},{"column":14,"file":"node:diagnostics_channel","function":"TracingChannel.traceSync","line":322,"method":"traceSync","native":false}]}
{"date":"Sun Feb 15 2026 21:08:09 GMT+0530 (India Standard Time)","error":{"diagnosticCodes":[2724]},"exception":true,"level":"error","message":"uncaughtException: ⨯ Unable to compile TypeScript:\n\u001b[96msrc/cron/dailyFetch.ts\u001b[0m:\u001b[93m4\u001b[0m:\u001b[93m10\u001b[0m - \u001b[91merror\u001b[0m\u001b[90m TS2724: \u001b[0m'\"../services/fetchGroundwater\"' has no exported member named 'fetchAndSaveGroundwaterData'. Did you mean 'fetchGroundwaterData'?\r\n\r\n\u001b[7m4\u001b[0m import { fetchAndSaveGroundwaterData } from '../services/fetchGroundwater';\r\n\u001b[7m \u001b[0m \u001b[91m         ~~~~~~~~~~~~~~~~~~~~~~~~~~~\u001b[0m\r\n\r\n  \u001b[96msrc/services/fetchGroundwater.ts\u001b[0m:\u001b[93m85\u001b[0m:\u001b[93m23\u001b[0m\r\n    \u001b[7m85\u001b[0m export async function fetchGroundwaterData(state: string, district?: string): Promise<IGroundwaterData[]> {\r\n    \u001b[7m  \u001b[0m \u001b[96m                      ~~~~~~~~~~~~~~~~~~~~\u001b[0m\r\n    'fetchGroundwaterData' is declared here.\r\n\nTSError: ⨯ Unable to compile TypeScript:\n\u001b[96msrc/cron/dailyFetch.ts\u001b[0m:\u001b[93m4\u001b[0m:\u001b[93m10\u001b[0m - \u001b[91merror\u001b[0m\u001b[90m TS2724: \u001b[0m'\"../services/fetchGroundwater\"' has no exported member named 'fetchAndSaveGroundwaterData'. Did you mean 'fetchGroundwaterData'?\r\n\r\n\u001b[7m4\u001b[0m import { fetchAndSaveGroundwaterData } from '../services/fetchGroundwater';\r\n\u001b[7m \u001b[0m \u001b[91m         ~~~~~~~~~~~~~~~~~~~~~~~~~~~\u001b[0m\r\n\r\n  \u001b[96msrc/services/fetchGroundwater.ts\u001b[0m:\u001b[93m85\u001b[0m:\u001b[93m23\u001b[0m\r\n    \u001b[7m85\u001b[0m export async function fetchGroundwaterData(state: string, district?: string): Promise<IGroundwaterData[]> {\r\n    \u001b[7m  \u001b[0m \u001b[96m                      ~~~~~~~~~~~~~~~~~~~~\u001b[0m\r\n    'fetchGroundwaterData' is declared here.\r\n\n    at createTSError (C:\\Users\\satis\\Desktop\\final_new\\backend\\node_modules\\ts-node\\src\\index.ts:859:12)\n    at reportTSError (C:\\Users\\satis\\Desktop\\final_new\\backend\\node_modules\\ts-node\\src\\index.ts:863:19)\n    at getOutput (C:\\Users\\satis\\Desktop\\final_new\\backend\\node_modules\\ts-node\\src\\index.ts:1077:36)\n    at Object.compile (C:\\Users\\satis\\Desktop\\final_new\\backend\\node_modules\\ts-node\\src\\index.ts:1433:41)\n    at Module.m._compile (C:\\Users\\satis\\Desktop\\final_new\\backend\\node_modules\\ts-node\\src\\index.ts:1617:30)\n    at node:internal/modules/cjs/loader:1699:10\n    at Object.require.extensions.<computed> [as .ts] (C:\\Users\\satis\\Desktop\\final_new\\backend\\node_modules\\ts-node\\src\\index.ts:1621:12)\n    at Module.load (node:internal/modules/cjs/loader:1313:32)\n    at Function._load (node:internal/modules/cjs/loader:1123:12)\n    at TracingChannel.traceSync (node:diagnostics_channel:322:14)","os":{"loadavg":[0,0,0],"uptime":874118.718},"process":{"argv":["C:\\Users\\satis\\Desktop\\final_new\\backend\\node_modules\\ts-node\\dist\\bin.js","C:\\Users\\satis\\Desktop\\final_new\\backend\\src\\server.ts"],"cwd":"C:\\Users\\satis\\Desktop\\final_new\\backend","execPath":"C:\\Program Files\\nodejs\\node.exe","gid":null,"memoryUsage":{"arrayBuffers":23210465,"external":27242332,"heapTotal":511975424,"heapUsed":479426568,"rss":570298368},"pid":19080,"uid":null,"version":"v22.13.1"},"service":"groundwater-backend","stack":"TSError: ⨯ Unable to compile TypeScript:\n\u001b[96msrc/cron/dailyFetch.ts\u001b[0m:\u001b[93m4\u001b[0m:\u001b[93m10\u001b[0m - \u001b[91merror\u001b[0m\u001b[90m TS2724: \u001b[0m'\"../services/fetchGroundwater\"' has no exported member named 'fetchAndSaveGroundwaterData'. Did you mean 'fetchGroundwaterData'?\r\n\r\n\u001b[7m4\u001b[0m import { fetchAndSaveGroundwaterData } from '../services/fetchGroundwater';\r\n\u001b[7m \u001b[0m \u001b[91m         ~~~~~~~~~~~~~~~~~~~~~~~~~~~\u001b[0m\r\n\r\n  \u001b[96msrc/services/fetchGroundwater.ts\u001b[0m:\u001b[93m85\u001b[0m:\u001b[93m23\u001b[0m\r\n    \u001b[7m85\u001b[0m export async function fetchGroundwaterData(state: string, district?: string): Promise<IGroundwaterData[]> {\r\n    \u001b[7m  \u001b[0m \u001b[96m                      ~~~~~~~~~~~~~~~~~~~~\u001b[0m\r\n    'fetchGroundwaterData' is declared here.\r\n\n    at createTSError (C:\\Users\\satis\\Desktop\\final_new\\backend\\node_modules\\ts-node\\src\\index.ts:859:12)\n    at reportTSError (C:\\Users\\satis\\Desktop\\final_new\\backend\\node_modules\\ts-node\\src\\index.ts:863:19)\n    at getOutput (C:\\Users\\satis\\Desktop\\final_new\\backend\\node_modules\\ts-node\\src\\index.ts:1077:36)\n    at Object.compile (C:\\Users\\satis\\Desktop\\final_new\\backend\\node_modules\\ts-node\\src\\index.ts:1433:41)\n    at Module.m._compile (C:\\Users\\satis\\Desktop\\final_new\\backend\\node_modules\\ts-node\\src\\index.ts:1617:30)\n    at node:internal/modules/cjs/loader:1699:10\n    at Object.require.extensions.<computed> [as .ts] (C:\\Users\\satis\\Desktop\\final_new\\backend\\node_modules\\ts-node\\src\\index.ts:1621:12)\n    at Module.load (node:internal/modules/cjs/loader:1313:32)\n    at Function._load (node:internal/modules/cjs/loader:1123:12)\n    at TracingChannel.traceSync (node:diagnostics_channel:322:14)","timestamp":"2026-02-15 21:08:09","trace":[{"column":12,"file":"C:\\Users\\satis\\Desktop\\final_new\\backend\\node_modules\\ts-node\\src\\index.ts","function":"createTSError","line":859,"method":null,"native":false},{"column":19,"file":"C:\\Users\\satis\\Desktop\\final_new\\backend\\node_modules\\ts-node\\src\\index.ts","function":"reportTSError","line":863,"method":null,"native":false},{"column":36,"file":"C:\\Users\\satis\\Desktop\\final_new\\backend\\node_modules\\ts-node\\src\\index.ts","function":"getOutput","line":1077,"method":null,"native":false},{"column":41,"file":"C:\\Users\\satis\\Desktop\\final_new\\backend\\node_modules\\ts-node\\src\\index.ts","function":"Object.compile","line":1433,"method":"compile","native":false},{"column":30,"file":"C:\\Users\\satis\\Desktop\\final_new\\backend\\node_modules\\ts-node\\src\\index.ts","function":"Module.m._compile","line":1617,"method":"_compile","native":false},{"column":10,"file":"node:internal/modules/cjs/loader","function":null,"line":1699,"method":null,"native":false},{"column":12,"file":"C:\\Users\\satis\\Desktop\\final_new\\backend\\node_modules\\ts-node\\src\\index.ts","function":"Object.require.extensions.<computed> [as .ts]","line":1621,"method":"ts]","native":false},{"column":32,"file":"node:internal/modules/cjs/loader","function":"Module.load","line":1313,"method":"load","native":false},{"column":12,"file":"node:internal/modules/cjs/loader","function":"Function._load","line":1123,"method":"_load","native":false},{"column":14,"file":"node:diagnostics_channel","function":"TracingChannel.traceSync","line":322,"method":"traceSync","native":false}]}
{"date":"Sun Feb 15 2026 22:37:34 GMT+0530 (India Standard Time)","error":{"diagnosticCodes":[2345]},"exception":true,"level":"error","message":"uncaughtException: ⨯ Unable to compile TypeScript:\n\u001b[96msrc/services/fetchGroundwater.ts\u001b[0m:\u001b[93m95\u001b[0m:\u001b[93m42\u001b[0m - \u001b[91merror\u001b[0m\u001b[90m TS2345: \u001b[0mArgument of type 'string | null' is not assignable to parameter of type 'string'.\r\n  Type 'null' is not assignable to type 'string'.\r\n\r\n\u001b[7m95\u001b[0m             await setCachedPin(cacheKey, pin);\r\n\u001b[7m  \u001b[0m \u001b[91m                                         ~~~\u001b[0m\r\n\nTSError: ⨯ Unable to compile TypeScript:\n\u001b[96msrc/services/fetchGroundwater.ts\u001b[0m:\u001b[93m95\u001b[0m:\u001b[93m42\u001b[0m - \u001b[91merror\u001b[0m\u001b[90m TS2345: \u001b[0mArgument of type 'string | null' is not assignable to parameter of type 'string'.\r\n  Type 'null' is not assignable to type 'string'.\r\n\r\n\u001b[7m95\u001b[0m             await setCachedPin(cacheKey, pin);\r\n\u001b[7m  \u001b[0m \u001b[91m                                         ~~~\u001b[0m\r\n\n    at createTSError (C:\\Users\\satis\\Desktop\\final_new\\backend\\node_modules\\ts-node\\src\\index.ts:859:12)\n    at reportTSError (C:\\Users\\satis\\Desktop\\final_new\\backend\\node_modules\\ts-node\\src\\index.ts:863:19)\n    at getOutput (C:\\Users\\satis\\Desktop\\final_new\\backend\\node_modules\\ts-node\\src\\index.ts:1077:36)\n    at Object.compile (C:\\Users\\satis\\Desktop\\final_new\\backend\\node_modules\\ts-node\\src\\index.ts:1433:41)\n    at Module.m._compile (C:\\Users\\satis\\Desktop\\final_new\\backend\\node_modules\\ts-node\\src\\index.ts:1617:30)\n    at node:internal/modules/cjs/loader:1699:10\n    at Object.require.extensions.<computed> [as .ts] (C:\\Users\\satis\\Desktop\\final_new\\backend\\node_modules\\ts-node\\src\\index.ts:1621:12)\n    at Module.load (node:internal/modules/cjs/loader:1313:32)\n    at Function._load (node:internal/modules/cjs/loader:1123:12)\n    at TracingChannel.traceSync (node:diagnostics_channel:322:14)","os":{"loadavg":[0,0,0],"uptime":879483.828},"process":{"argv":["C:\\Users\\satis\\Desktop\\final_new\\backend\\node_modules\\ts-node\\dist\\bin.js","C:\\Users\\satis\\Desktop\\final_new\\backend\\src\\server.ts"],"cwd":"C:\\Users\\satis\\Desktop\\final_new\\backend","execPath":"C:\\Program Files\\nodejs\\node.exe","gid":null,"memoryUsage":{"arrayBuffers":23205848,"external":27237715,"heapTotal":518770688,"heapUsed":482467344,"rss":578908160},"pid":30580,"uid":null,"version":"v22.13.1"},"service":"groundwater-backend","stack":"TSError: ⨯ Unable to compile TypeScript:\n\u001b[96msrc/services/fetchGroundwater.ts\u001b[0m:\u001b[93m95\u001b[0m:\u001b[93m42\u001b[0m - \u001b[91merror\u001b[0m\u001b[90m TS2345: \u001b[0mArgument of type 'string | null' is not assignable to parameter of type 'string'.\r\n  Type 'null' is not assignable to type 'string'.\r\n\r\n\u001b[7m95\u001b[0m             await setCachedPin(cacheKey, pin);\r\n\u001b[7m  \u001b[0m \u001b[91m                                         ~~~\u001b[0m\r\n\n    at createTSError (C:\\Users\\satis\\Desktop\\final_new\\backend\\node_modules\\ts-node\\src\\index.ts:859:12)\n    at reportTSError (C:\\Users\\satis\\Desktop\\final_new\\backend\\node_modules\\ts-node\\src\\index.ts:863:19)\n    at getOutput (C:\\Users\\satis\\Desktop\\final_new\\backend\\node_modules\\ts-node\\src\\index.ts:1077:36)\n    at Object.compile (C:\\Users\\satis\\Desktop\\final_new\\backend\\node_modules\\ts-node\\src\\index.ts:1433:41)\n    at Module.m._compile (C:\\Users\\satis\\Desktop\\final_new\\backend\\node_modules\\ts-node\\src\\index.ts:1617:30)\n    at node:internal/modules/cjs/loader:1699:10\n    at Object.require.extensions.<computed> [as .ts] (C:\\Users\\satis\\Desktop\\final_new\\backend\\node_modules\\ts-node\\src\\index.ts:1621:12)\n    at Module.load (node:internal/modules/cjs/loader:1313:32)\n    at Function._load (node:internal/modules/cjs/loader:1123:12)\n    at TracingChannel.traceSync (node:diagnostics_channel:322:14)","timestamp":"2026-02-15 22:37:34","trace":[{"column":12,"file":"C:\\Users\\satis\\Desktop\\final_new\\backend\\node_modules\\ts-node\\src\\index.ts","function":"createTSError","line":859,"method":null,"native":false},{"column":19,"file":"C:\\Users\\satis\\Desktop\\final_new\\backend\\node_modules\\ts-node\\src\\index.ts","function":"reportTSError","line":863,"method":null,"native":false},{"column":36,"file":"C:\\Users\\satis\\Desktop\\final_new\\backend\\node_modules\\ts-node\\src\\index.ts","function":"getOutput","line":1077,"method":null,"native":false},{"column":41,"file":"C:\\Users\\satis\\Desktop\\final_new\\backend\\node_modules\\ts-node\\src\\index.ts","function":"Object.compile","line":1433,"method":"compile","native":false},{"column":30,"file":"C:\\Users\\satis\\Desktop\\final_new\\backend\\node_modules\\ts-node\\src\\index.ts","function":"Module.m._compile","line":1617,"method":"_compile","native":false},{"column":10,"file":"node:internal/modules/cjs/loader","function":null,"line":1699,"method":null,"native":false},{"column":12,"file":"C:\\Users\\satis\\Desktop\\final_new\\backend\\node_modules\\ts-node\\src\\index.ts","function":"Object.require.extensions.<computed> [as .ts]","line":1621,"method":"ts]","native":false},{"column":32,"file":"node:internal/modules/cjs/loader","function":"Module.load","line":1313,"method":"load","native":false},{"column":12,"file":"node:internal/modules/cjs/loader","function":"Function._load","line":1123,"method":"_load","native":false},{"column":14,"file":"node:diagnostics_channel","function":"TracingChannel.traceSync","line":322,"method":"traceSync","native":false}]}
